Mono path[0] = 'C:/Users/orhun/OneDrive/Belgeler/GitHub/Dynamic-Table/Builds/b080m/DynamicTable_Data/Managed'
Mono config path = 'C:/Users/orhun/OneDrive/Belgeler/GitHub/Dynamic-Table/Builds/b080m/MonoBleedingEdge/etc'
Found NO interfaces on host .
Player connection [16192] Multi-casting "[IP] 0.0.0.0 [Port] 55000 [Flags] 2 [Guid] 3295347787 [EditorId] 1097503774 [Version] 1048832 [Id] WindowsPlayer(2,EREN) [Debug] 0 [PackageName] WindowsPlayer [ProjectName] DynamicTable" to [225.0.0.222:54997]...

[Physics::Module] Initialized MultithreadedJobDispatcher with 7 workers.
Initialize engine version: 2022.3.20f1 (61c2feb0970d)
[Subsystems] Discovering subsystems at path C:/Users/orhun/OneDrive/Belgeler/GitHub/Dynamic-Table/Builds/b080m/DynamicTable_Data/UnitySubsystems
Forcing GfxDevice: Null
GfxDevice: creating device client; threaded=0; jobified=0
NullGfxDevice:
    Version:  NULL 1.0 [1.0]
    Renderer: Null Device
    Vendor:   Unity Technologies
Begin MonoManager ReloadAssembly
- Loaded All Assemblies, in  0.224 seconds
- Finished resetting the current domain, in  0.003 seconds
ERROR: Shader Sprites/Default shader is not supported on this GPU (none of subshaders/fallbacks are suitable)
Microsoft Media Foundation video decoding to texture disabled: graphics device is Null, only Direct3D 11 and Direct3D 12 (only on desktop) are supported for hardware-accelerated video decoding.
ERROR: Shader Sprites/Mask shader is not supported on this GPU (none of subshaders/fallbacks are suitable)
ERROR: Shader Legacy Shaders/VertexLit shader is not supported on this GPU (none of subshaders/fallbacks are suitable)
WARNING: Shader Unsupported: 'Standard' - All subshaders removed
WARNING: Shader Did you use #pragma only_renderers and omit this platform?
WARNING: Shader If subshaders removal was intentional, you may have forgotten turning Fallback off?
ERROR: Shader Standard shader is not supported on this GPU (none of subshaders/fallbacks are suitable)
WARNING: Shader Unsupported: 'Standard' - All subshaders removed
WARNING: Shader Did you use #pragma only_renderers and omit this platform?
WARNING: Shader If subshaders removal was intentional, you may have forgotten turning Fallback off?
WARNING: Shader Unsupported: 'Standard (Specular setup)' - All subshaders removed
WARNING: Shader Did you use #pragma only_renderers and omit this platform?
WARNING: Shader If subshaders removal was intentional, you may have forgotten turning Fallback off?
ERROR: Shader Standard (Specular setup) shader is not supported on this GPU (none of subshaders/fallbacks are suitable)
WARNING: Shader Unsupported: 'Standard (Specular setup)' - All subshaders removed
WARNING: Shader Did you use #pragma only_renderers and omit this platform?
WARNING: Shader If subshaders removal was intentional, you may have forgotten turning Fallback off?
UnloadTime: 1.887700 ms
No path found.
UnityEngine.StackTraceUtility:ExtractStackTrace () (at C:/build/output/unity/unity/Runtime/Export/Scripting/StackTrace.cs:37)
UnityEngine.DebugLogHandler:LogFormat (UnityEngine.LogType,UnityEngine.Object,string,object[])
UnityEngine.Logger:Log (UnityEngine.LogType,object)
UnityEngine.Debug:Log (object)
AStar:PathFinder (UnityEngine.Transform,UnityEngine.Transform) (at C:/Users/orhun/OneDrive/Belgeler/GitHub/Dynamic-Table/Assets/Scripts/v080/PathFinder.cs:57)
AStar:Update () (at C:/Users/orhun/OneDrive/Belgeler/GitHub/Dynamic-Table/Assets/Scripts/v080/PathFinder.cs:37)

(Filename: C:/Users/orhun/OneDrive/Belgeler/GitHub/Dynamic-Table/Assets/Scripts/v080/PathFinder.cs Line: 57)

No path found.
UnityEngine.StackTraceUtility:ExtractStackTrace () (at C:/build/output/unity/unity/Runtime/Export/Scripting/StackTrace.cs:37)
UnityEngine.DebugLogHandler:LogFormat (UnityEngine.LogType,UnityEngine.Object,string,object[])
UnityEngine.Logger:Log (UnityEngine.LogType,object)
UnityEngine.Debug:Log (object)
AStar:PathFinder (UnityEngine.Transform,UnityEngine.Transform) (at C:/Users/orhun/OneDrive/Belgeler/GitHub/Dynamic-Table/Assets/Scripts/v080/PathFinder.cs:57)
AStar:Update () (at C:/Users/orhun/OneDrive/Belgeler/GitHub/Dynamic-Table/Assets/Scripts/v080/PathFinder.cs:37)

(Filename: C:/Users/orhun/OneDrive/Belgeler/GitHub/Dynamic-Table/Assets/Scripts/v080/PathFinder.cs Line: 57)

No path found.
UnityEngine.StackTraceUtility:ExtractStackTrace () (at C:/build/output/unity/unity/Runtime/Export/Scripting/StackTrace.cs:37)
UnityEngine.DebugLogHandler:LogFormat (UnityEngine.LogType,UnityEngine.Object,string,object[])
UnityEngine.Logger:Log (UnityEngine.LogType,object)
UnityEngine.Debug:Log (object)
AStar:PathFinder (UnityEngine.Transform,UnityEngine.Transform) (at C:/Users/orhun/OneDrive/Belgeler/GitHub/Dynamic-Table/Assets/Scripts/v080/PathFinder.cs:57)
AStar:Update () (at C:/Users/orhun/OneDrive/Belgeler/GitHub/Dynamic-Table/Assets/Scripts/v080/PathFinder.cs:37)

(Filename: C:/Users/orhun/OneDrive/Belgeler/GitHub/Dynamic-Table/Assets/Scripts/v080/PathFinder.cs Line: 57)

No path found.
UnityEngine.StackTraceUtility:ExtractStackTrace () (at C:/build/output/unity/unity/Runtime/Export/Scripting/StackTrace.cs:37)
UnityEngine.DebugLogHandler:LogFormat (UnityEngine.LogType,UnityEngine.Object,string,object[])
UnityEngine.Logger:Log (UnityEngine.LogType,object)
UnityEngine.Debug:Log (object)
AStar:PathFinder (UnityEngine.Transform,UnityEngine.Transform) (at C:/Users/orhun/OneDrive/Belgeler/GitHub/Dynamic-Table/Assets/Scripts/v080/PathFinder.cs:57)
AStar:Update () (at C:/Users/orhun/OneDrive/Belgeler/GitHub/Dynamic-Table/Assets/Scripts/v080/PathFinder.cs:37)

(Filename: C:/Users/orhun/OneDrive/Belgeler/GitHub/Dynamic-Table/Assets/Scripts/v080/PathFinder.cs Line: 57)

No path found.
UnityEngine.StackTraceUtility:ExtractStackTrace () (at C:/build/output/unity/unity/Runtime/Export/Scripting/StackTrace.cs:37)
UnityEngine.DebugLogHandler:LogFormat (UnityEngine.LogType,UnityEngine.Object,string,object[])
UnityEngine.Logger:Log (UnityEngine.LogType,object)
UnityEngine.Debug:Log (object)
AStar:PathFinder (UnityEngine.Transform,UnityEngine.Transform) (at C:/Users/orhun/OneDrive/Belgeler/GitHub/Dynamic-Table/Assets/Scripts/v080/PathFinder.cs:57)
AStar:Update () (at C:/Users/orhun/OneDrive/Belgeler/GitHub/Dynamic-Table/Assets/Scripts/v080/PathFinder.cs:37)

(Filename: C:/Users/orhun/OneDrive/Belgeler/GitHub/Dynamic-Table/Assets/Scripts/v080/PathFinder.cs Line: 57)

No path found.
UnityEngine.StackTraceUtility:ExtractStackTrace () (at C:/build/output/unity/unity/Runtime/Export/Scripting/StackTrace.cs:37)
UnityEngine.DebugLogHandler:LogFormat (UnityEngine.LogType,UnityEngine.Object,string,object[])
UnityEngine.Logger:Log (UnityEngine.LogType,object)
UnityEngine.Debug:Log (object)
AStar:PathFinder (UnityEngine.Transform,UnityEngine.Transform) (at C:/Users/orhun/OneDrive/Belgeler/GitHub/Dynamic-Table/Assets/Scripts/v080/PathFinder.cs:57)
AStar:Update () (at C:/Users/orhun/OneDrive/Belgeler/GitHub/Dynamic-Table/Assets/Scripts/v080/PathFinder.cs:37)

(Filename: C:/Users/orhun/OneDrive/Belgeler/GitHub/Dynamic-Table/Assets/Scripts/v080/PathFinder.cs Line: 57)

No path found.
UnityEngine.StackTraceUtility:ExtractStackTrace () (at C:/build/output/unity/unity/Runtime/Export/Scripting/StackTrace.cs:37)
UnityEngine.DebugLogHandler:LogFormat (UnityEngine.LogType,UnityEngine.Object,string,object[])
UnityEngine.Logger:Log (UnityEngine.LogType,object)
UnityEngine.Debug:Log (object)
AStar:PathFinder (UnityEngine.Transform,UnityEngine.Transform) (at C:/Users/orhun/OneDrive/Belgeler/GitHub/Dynamic-Table/Assets/Scripts/v080/PathFinder.cs:57)
AStar:Update () (at C:/Users/orhun/OneDrive/Belgeler/GitHub/Dynamic-Table/Assets/Scripts/v080/PathFinder.cs:37)

(Filename: C:/Users/orhun/OneDrive/Belgeler/GitHub/Dynamic-Table/Assets/Scripts/v080/PathFinder.cs Line: 57)

No path found.
UnityEngine.StackTraceUtility:ExtractStackTrace () (at C:/build/output/unity/unity/Runtime/Export/Scripting/StackTrace.cs:37)
UnityEngine.DebugLogHandler:LogFormat (UnityEngine.LogType,UnityEngine.Object,string,object[])
UnityEngine.Logger:Log (UnityEngine.LogType,object)
UnityEngine.Debug:Log (object)
AStar:PathFinder (UnityEngine.Transform,UnityEngine.Transform) (at C:/Users/orhun/OneDrive/Belgeler/GitHub/Dynamic-Table/Assets/Scripts/v080/PathFinder.cs:57)
AStar:Update () (at C:/Users/orhun/OneDrive/Belgeler/GitHub/Dynamic-Table/Assets/Scripts/v080/PathFinder.cs:37)

(Filename: C:/Users/orhun/OneDrive/Belgeler/GitHub/Dynamic-Table/Assets/Scripts/v080/PathFinder.cs Line: 57)

No path found.
UnityEngine.StackTraceUtility:ExtractStackTrace () (at C:/build/output/unity/unity/Runtime/Export/Scripting/StackTrace.cs:37)
UnityEngine.DebugLogHandler:LogFormat (UnityEngine.LogType,UnityEngine.Object,string,object[])
UnityEngine.Logger:Log (UnityEngine.LogType,object)
UnityEngine.Debug:Log (object)
AStar:PathFinder (UnityEngine.Transform,UnityEngine.Transform) (at C:/Users/orhun/OneDrive/Belgeler/GitHub/Dynamic-Table/Assets/Scripts/v080/PathFinder.cs:57)
AStar:Update () (at C:/Users/orhun/OneDrive/Belgeler/GitHub/Dynamic-Table/Assets/Scripts/v080/PathFinder.cs:37)

(Filename: C:/Users/orhun/OneDrive/Belgeler/GitHub/Dynamic-Table/Assets/Scripts/v080/PathFinder.cs Line: 57)

No path found.
UnityEngine.StackTraceUtility:ExtractStackTrace () (at C:/build/output/unity/unity/Runtime/Export/Scripting/StackTrace.cs:37)
UnityEngine.DebugLogHandler:LogFormat (UnityEngine.LogType,UnityEngine.Object,string,object[])
UnityEngine.Logger:Log (UnityEngine.LogType,object)
UnityEngine.Debug:Log (object)
AStar:PathFinder (UnityEngine.Transform,UnityEngine.Transform) (at C:/Users/orhun/OneDrive/Belgeler/GitHub/Dynamic-Table/Assets/Scripts/v080/PathFinder.cs:57)
AStar:Update () (at C:/Users/orhun/OneDrive/Belgeler/GitHub/Dynamic-Table/Assets/Scripts/v080/PathFinder.cs:37)

(Filename: C:/Users/orhun/OneDrive/Belgeler/GitHub/Dynamic-Table/Assets/Scripts/v080/PathFinder.cs Line: 57)

No path found.
UnityEngine.StackTraceUtility:ExtractStackTrace () (at C:/build/output/unity/unity/Runtime/Export/Scripting/StackTrace.cs:37)
UnityEngine.DebugLogHandler:LogFormat (UnityEngine.LogType,UnityEngine.Object,string,object[])
UnityEngine.Logger:Log (UnityEngine.LogType,object)
UnityEngine.Debug:Log (object)
AStar:PathFinder (UnityEngine.Transform,UnityEngine.Transform) (at C:/Users/orhun/OneDrive/Belgeler/GitHub/Dynamic-Table/Assets/Scripts/v080/PathFinder.cs:57)
AStar:Update () (at C:/Users/orhun/OneDrive/Belgeler/GitHub/Dynamic-Table/Assets/Scripts/v080/PathFinder.cs:37)

(Filename: C:/Users/orhun/OneDrive/Belgeler/GitHub/Dynamic-Table/Assets/Scripts/v080/PathFinder.cs Line: 57)

No path found.
UnityEngine.StackTraceUtility:ExtractStackTrace () (at C:/build/output/unity/unity/Runtime/Export/Scripting/StackTrace.cs:37)
UnityEngine.DebugLogHandler:LogFormat (UnityEngine.LogType,UnityEngine.Object,string,object[])
UnityEngine.Logger:Log (UnityEngine.LogType,object)
UnityEngine.Debug:Log (object)
AStar:PathFinder (UnityEngine.Transform,UnityEngine.Transform) (at C:/Users/orhun/OneDrive/Belgeler/GitHub/Dynamic-Table/Assets/Scripts/v080/PathFinder.cs:57)
AStar:Update () (at C:/Users/orhun/OneDrive/Belgeler/GitHub/Dynamic-Table/Assets/Scripts/v080/PathFinder.cs:37)

(Filename: C:/Users/orhun/OneDrive/Belgeler/GitHub/Dynamic-Table/Assets/Scripts/v080/PathFinder.cs Line: 57)

Unable to save timers to file C:/Users/orhun/OneDrive/Belgeler/GitHub/Dynamic-Table/Builds/b080m/DynamicTable_Data\ML-Agents\Timers\scene_b080m_timers.json
UnityEngine.StackTraceUtility:ExtractStackTrace () (at C:/build/output/unity/unity/Runtime/Export/Scripting/StackTrace.cs:37)
UnityEngine.DebugLogHandler:LogFormat (UnityEngine.LogType,UnityEngine.Object,string,object[])
UnityEngine.Logger:Log (UnityEngine.LogType,object)
UnityEngine.Debug:LogWarning (object)
Unity.MLAgents.TimerStack:SaveJsonTimers (string) (at ./Library/PackageCache/com.unity.ml-agents@2.0.1/Runtime/Timer.cs:483)
Unity.MLAgents.Academy:Dispose () (at ./Library/PackageCache/com.unity.ml-agents@2.0.1/Runtime/Academy.cs:659)
UnityEngine.Application:Internal_ApplicationQuit () (at C:/build/output/unity/unity/Runtime/Export/Application/Application.cs:359)

(Filename: ./Library/PackageCache/com.unity.ml-agents@2.0.1/Runtime/Timer.cs Line: 483)

Setting up 4 worker threads for Enlighten.
PlayerConnection::CleanupMemory Statistics:
[ALLOC_TEMP_TLS] TLS Allocator
  StackAllocators : 
    [ALLOC_TEMP_MAIN]
      Peak usage frame count: [128.0 KB-256.0 KB]: 145 frames, [256.0 KB-0.5 MB]: 3353 frames, [2.0 MB-4.0 MB]: 1 frames
      Initial Block Size 4.0 MB
      Current Block Size 4.0 MB
      Peak Allocated Bytes 2.1 MB
      Overflow Count 0
    [ALLOC_TEMP_Background Job.worker 3]
      Initial Block Size 32.0 KB
      Current Block Size 32.0 KB
      Peak Allocated Bytes 54 B
      Overflow Count 0
    [ALLOC_TEMP_Background Job.worker 6]
      Initial Block Size 32.0 KB
      Current Block Size 32.0 KB
      Peak Allocated Bytes 54 B
      Overflow Count 0
    [ALLOC_TEMP_AUDIO_FMOD (WASAPI) feeder thread]
      Initial Block Size 64.0 KB
      Current Block Size 64.0 KB
      Peak Allocated Bytes 168 B
      Overflow Count 0
    [ALLOC_TEMP_Background Job.worker 2]
      Initial Block Size 32.0 KB
      Current Block Size 32.0 KB
      Peak Allocated Bytes 54 B
      Overflow Count 0
    [ALLOC_TEMP_AUDIO_FMOD mixer thread]
      Initial Block Size 64.0 KB
      Current Block Size 64.0 KB
      Peak Allocated Bytes 54 B
      Overflow Count 0
    [ALLOC_TEMP_Background Job.worker 8]
      Initial Block Size 32.0 KB
      Current Block Size 32.0 KB
      Peak Allocated Bytes 54 B
      Overflow Count 0
    [ALLOC_TEMP_Background Job.worker 15]
      Initial Block Size 32.0 KB
      Current Block Size 32.0 KB
      Peak Allocated Bytes 54 B
      Overflow Count 0
    [ALLOC_TEMP_Background Job.worker 0]
      Initial Block Size 32.0 KB
      Current Block Size 32.0 KB
      Peak Allocated Bytes 54 B
      Overflow Count 0
    [ALLOC_TEMP_Job.worker 6]
      Initial Block Size 256.0 KB
      Current Block Size 256.0 KB
      Peak Allocated Bytes 0 B
      Overflow Count 0
    [ALLOC_TEMP_BatchDeleteObjects]
      Initial Block Size 64.0 KB
      Current Block Size 64.0 KB
      Peak Allocated Bytes 54 B
      Overflow Count 0
    [ALLOC_TEMP_AUDIO_FMOD stream thread]
      Initial Block Size 64.0 KB
      Current Block Size 64.0 KB
      Peak Allocated Bytes 54 B
      Overflow Count 0
    [ALLOC_TEMP_Job.worker 4]
      Initial Block Size 256.0 KB
      Current Block Size 256.0 KB
      Peak Allocated Bytes 0 B
      Overflow Count 0
    [ALLOC_TEMP_Background Job.worker 1]
      Initial Block Size 32.0 KB
      Current Block Size 32.0 KB
      Peak Allocated Bytes 54 B
      Overflow Count 0
    [ALLOC_TEMP_Job.worker 1]
      Initial Block Size 256.0 KB
      Current Block Size 256.0 KB
      Peak Allocated Bytes 199 B
      Overflow Count 0
    [ALLOC_TEMP_Background Job.worker 5]
      Initial Block Size 32.0 KB
      Current Block Size 32.0 KB
      Peak Allocated Bytes 54 B
      Overflow Count 0
    [ALLOC_TEMP_Loading.PreloadManager]
      Initial Block Size 256.0 KB
      Current Block Size 0.5 MB
      Peak Allocated Bytes 511.6 KB
      Overflow Count 20
    [ALLOC_TEMP_Background Job.worker 4]
      Initial Block Size 32.0 KB
      Current Block Size 32.0 KB
      Peak Allocated Bytes 54 B
      Overflow Count 0
    [ALLOC_TEMP_Background Job.worker 7]
      Initial Block Size 32.0 KB
      Current Block Size 32.0 KB
      Peak Allocated Bytes 54 B
      Overflow Count 0
    [ALLOC_TEMP_Background Job.worker 11]
      Initial Block Size 32.0 KB
      Current Block Size 32.0 KB
      Peak Allocated Bytes 54 B
      Overflow Count 0
    [ALLOC_TEMP_Background Job.worker 10]
      Initial Block Size 32.0 KB
      Current Block Size 32.0 KB
      Peak Allocated Bytes 54 B
      Overflow Count 0
    [ALLOC_TEMP_Job.worker 5]
      Initial Block Size 256.0 KB
      Current Block Size 256.0 KB
      Peak Allocated Bytes 0 B
      Overflow Count 0
    [ALLOC_TEMP_Background Job.worker 12]
      Initial Block Size 32.0 KB
      Current Block Size 32.0 KB
      Peak Allocated Bytes 54 B
      Overflow Count 0
    [ALLOC_TEMP_Background Job.worker 13]
      Initial Block Size 32.0 KB
      Current Block Size 32.0 KB
      Peak Allocated Bytes 54 B
      Overflow Count 0
    [ALLOC_TEMP_AssetGarbageCollectorHelper] x 7
      Initial Block Size 64.0 KB
      Current Block Size 64.0 KB
      Peak Allocated Bytes 138 B
      Overflow Count 0
    [ALLOC_TEMP_Profiler.Dispatcher]
      Initial Block Size 64.0 KB
      Current Block Size 64.0 KB
      Peak Allocated Bytes 456 B
      Overflow Count 0
    [ALLOC_TEMP_Background Job.worker 14]
      Initial Block Size 32.0 KB
      Current Block Size 32.0 KB
      Peak Allocated Bytes 54 B
      Overflow Count 0
    [ALLOC_TEMP_Job.worker 0]
      Initial Block Size 256.0 KB
      Current Block Size 256.0 KB
      Peak Allocated Bytes 0 B
      Overflow Count 0
    [ALLOC_TEMP_Background Job.worker 9]
      Initial Block Size 32.0 KB
      Current Block Size 32.0 KB
      Peak Allocated Bytes 54 B
      Overflow Count 0
    [ALLOC_TEMP_EnlightenWorker] x 4
      Initial Block Size 64.0 KB
      Current Block Size 64.0 KB
      Peak Allocated Bytes 54 B
      Overflow Count 0
    [ALLOC_TEMP_Job.worker 3]
      Initial Block Size 256.0 KB
      Current Block Size 256.0 KB
      Peak Allocated Bytes 0 B
      Overflow Count 0
    [ALLOC_TEMP_Job.worker 2]
      Initial Block Size 256.0 KB
      Current Block Size 256.0 KB
      Peak Allocated Bytes 0 B
      Overflow Count 0
    [ALLOC_TEMP_Loading.AsyncRead]
      Initial Block Size 64.0 KB
      Current Block Size 64.0 KB
      Peak Allocated Bytes 368 B
      Overflow Count 0
[ALLOC_MEMORYPROFILER]
  Peak usage frame count: [2.0 MB-4.0 MB]: 3499 frames
  Requested Block Size 1.0 MB
  Peak Block count 4
  Peak Allocated memory 3.1 MB
  Peak Large allocation bytes 0 B
[ALLOC_DEFAULT] Dual Thread Allocator
  Peak main deferred allocation count 256
    [ALLOC_BUCKET]
      Large Block size 4.0 MB
      Used Block count 1
      Peak Allocated bytes 2.4 MB
      Failed Allocations. Bucket layout:
        16B: 7 Subsections = 2389 buckets. Failed count: 314737
        32B: 42 Subsections = 10752 buckets. Failed count: 46578
        48B: 32 Subsections = 6553 buckets. Failed count: 0
        64B: 76 Subsections = 12970 buckets. Failed count: 45178
        80B: 20 Subsections = 2925 buckets. Failed count: 1
        96B: 76 Subsections = 9728 buckets. Failed count: 51937
        112B: 2 Subsections = 227 buckets. Failed count: 0
        128B: 1 Subsections = 102 buckets. Failed count: 0
    [ALLOC_DEFAULT_MAIN]
      Peak usage frame count: [32.0 MB-64.0 MB]: 3499 frames
      Requested Block Size 16.0 MB
      Peak Block count 2
      Peak Allocated memory 38.6 MB
      Peak Large allocation bytes 16.0 MB
    [ALLOC_DEFAULT_THREAD]
      Peak usage frame count: [4.0 MB-8.0 MB]: 3498 frames, [8.0 MB-16.0 MB]: 1 frames
      Requested Block Size 16.0 MB
      Peak Block count 2
      Peak Allocated memory 14.0 MB
      Peak Large allocation bytes 0 B
[ALLOC_TEMP_JOB_1_FRAME]
  Initial Block Size 2.0 MB
  Used Block Count 0
  Overflow Count (too large) 0
  Overflow Count (full) 0
[ALLOC_TEMP_JOB_2_FRAMES]
  Initial Block Size 2.0 MB
  Used Block Count 0
  Overflow Count (too large) 0
  Overflow Count (full) 0
[ALLOC_TEMP_JOB_4_FRAMES (JobTemp)]
  Initial Block Size 2.0 MB
  Used Block Count 1
  Overflow Count (too large) 0
  Overflow Count (full) 0
[ALLOC_TEMP_JOB_ASYNC (Background)]
  Initial Block Size 1.0 MB
  Used Block Count 1
  Overflow Count (too large) 0
  Overflow Count (full) 0
[ALLOC_GFX] Dual Thread Allocator
  Peak main deferred allocation count 0
    [ALLOC_BUCKET]
      Large Block size 4.0 MB
      Used Block count 1
      Peak Allocated bytes 2.4 MB
      Failed Allocations. Bucket layout:
        16B: 7 Subsections = 2389 buckets. Failed count: 314737
        32B: 42 Subsections = 10752 buckets. Failed count: 46578
        48B: 32 Subsections = 6553 buckets. Failed count: 0
        64B: 76 Subsections = 12970 buckets. Failed count: 45178
        80B: 20 Subsections = 2925 buckets. Failed count: 1
        96B: 76 Subsections = 9728 buckets. Failed count: 51937
        112B: 2 Subsections = 227 buckets. Failed count: 0
        128B: 1 Subsections = 102 buckets. Failed count: 0
    [ALLOC_GFX_MAIN]
      Peak usage frame count: [32.0 KB-64.0 KB]: 3498 frames, [64.0 KB-128.0 KB]: 1 frames
      Requested Block Size 16.0 MB
      Peak Block count 1
      Peak Allocated memory 67.4 KB
      Peak Large allocation bytes 0 B
    [ALLOC_GFX_THREAD]
      Peak usage frame count: [16.0 KB-32.0 KB]: 3499 frames
      Requested Block Size 16.0 MB
      Peak Block count 1
      Peak Allocated memory 30.0 KB
      Peak Large allocation bytes 0 B
[ALLOC_CACHEOBJECTS] Dual Thread Allocator
  Peak main deferred allocation count 2
    [ALLOC_BUCKET]
      Large Block size 4.0 MB
      Used Block count 1
      Peak Allocated bytes 2.4 MB
      Failed Allocations. Bucket layout:
        16B: 7 Subsections = 2389 buckets. Failed count: 314737
        32B: 42 Subsections = 10752 buckets. Failed count: 46578
        48B: 32 Subsections = 6553 buckets. Failed count: 0
        64B: 76 Subsections = 12970 buckets. Failed count: 45178
        80B: 20 Subsections = 2925 buckets. Failed count: 1
        96B: 76 Subsections = 9728 buckets. Failed count: 51937
        112B: 2 Subsections = 227 buckets. Failed count: 0
        128B: 1 Subsections = 102 buckets. Failed count: 0
    [ALLOC_CACHEOBJECTS_MAIN]
      Peak usage frame count: [2.0 MB-4.0 MB]: 3499 frames
      Requested Block Size 4.0 MB
      Peak Block count 1
      Peak Allocated memory 3.5 MB
      Peak Large allocation bytes 0 B
    [ALLOC_CACHEOBJECTS_THREAD]
      Peak usage frame count: [16.0 MB-32.0 MB]: 3498 frames, [32.0 MB-64.0 MB]: 1 frames
      Requested Block Size 4.0 MB
      Peak Block count 17
      Peak Allocated memory 52.4 MB
      Peak Large allocation bytes 0 B
[ALLOC_TYPETREE] Dual Thread Allocator
  Peak main deferred allocation count 0
    [ALLOC_BUCKET]
      Large Block size 4.0 MB
      Used Block count 1
      Peak Allocated bytes 2.4 MB
      Failed Allocations. Bucket layout:
        16B: 7 Subsections = 2389 buckets. Failed count: 314737
        32B: 42 Subsections = 10752 buckets. Failed count: 46578
        48B: 32 Subsections = 6553 buckets. Failed count: 0
        64B: 76 Subsections = 12970 buckets. Failed count: 45178
        80B: 20 Subsections = 2925 buckets. Failed count: 1
        96B: 76 Subsections = 9728 buckets. Failed count: 51937
        112B: 2 Subsections = 227 buckets. Failed count: 0
        128B: 1 Subsections = 102 buckets. Failed count: 0
    [ALLOC_TYPETREE_MAIN]
      Peak usage frame count: [4.0 KB-8.0 KB]: 3499 frames
      Requested Block Size 2.0 MB
      Peak Block count 1
      Peak Allocated memory 4.2 KB
      Peak Large allocation bytes 0 B
    [ALLOC_TYPETREE_THREAD]
      Peak usage frame count: [0-1.0 KB]: 3499 frames
      Requested Block Size 2.0 MB
      Peak Block count 0
      Peak Allocated memory 0 B
      Peak Large allocation bytes 0 B
[ALLOC_PROFILER]
  Peak usage frame count: [256.0 KB-0.5 MB]: 3498 frames, [32.0 MB-64.0 MB]: 1 frames
  Requested Block Size 16.0 MB
  Peak Block count 3
  Peak Allocated memory 33.3 MB
  Peak Large allocation bytes 0 B
    [ALLOC_PROFILER_BUCKET]
      Large Block size 4.0 MB
      Used Block count 1
      Peak Allocated bytes 65.8 KB
##utp:{"type":"MemoryLeaks","version":2,"phase":"Immediate","time":1714215547089,"processId":16164,"allocatedMemory":14299,"memoryLabels":[{"Default":-128},{"Manager":9000},{"Shader":736},{"GfxDevice":72},{"Serialization":52},{"String":151},{"HashMap":2304},{"PoolAlloc":112},{"VR":1776},{"Subsystems":96},{"CoreBusinessMetrics":128}]}
