Mono path[0] = 'C:/Users/orhun/OneDrive/Belgeler/GitHub/Dynamic-Table/Builds/b076_focused_maze4/DynamicTable_Data/Managed'
Mono config path = 'C:/Users/orhun/OneDrive/Belgeler/GitHub/Dynamic-Table/Builds/b076_focused_maze4/MonoBleedingEdge/etc'
Found 1 interfaces on host : 0) 192.168.1.3
Player connection [2092] Multi-casting "[IP] 192.168.1.3 [Port] 55002 [Flags] 2 [Guid] 1903609901 [EditorId] 158056081 [Version] 1048832 [Id] WindowsPlayer(2,EREN) [Debug] 0 [PackageName] WindowsPlayer [ProjectName] DynamicTable" to [225.0.0.222:54997]...

[Physics::Module] Initialized MultithreadedJobDispatcher with 7 workers.
Initialize engine version: 2022.3.20f1 (61c2feb0970d)
[Subsystems] Discovering subsystems at path C:/Users/orhun/OneDrive/Belgeler/GitHub/Dynamic-Table/Builds/b076_focused_maze4/DynamicTable_Data/UnitySubsystems
Forcing GfxDevice: Null
GfxDevice: creating device client; threaded=0; jobified=0
NullGfxDevice:
    Version:  NULL 1.0 [1.0]
    Renderer: Null Device
    Vendor:   Unity Technologies
Begin MonoManager ReloadAssembly
- Loaded All Assemblies, in  0.408 seconds
- Finished resetting the current domain, in  0.004 seconds
ERROR: Shader Sprites/Default shader is not supported on this GPU (none of subshaders/fallbacks are suitable)
Microsoft Media Foundation video decoding to texture disabled: graphics device is Null, only Direct3D 11 and Direct3D 12 (only on desktop) are supported for hardware-accelerated video decoding.
ERROR: Shader Sprites/Mask shader is not supported on this GPU (none of subshaders/fallbacks are suitable)
ERROR: Shader Legacy Shaders/VertexLit shader is not supported on this GPU (none of subshaders/fallbacks are suitable)
WARNING: Shader Unsupported: 'Standard' - All subshaders removed
WARNING: Shader Did you use #pragma only_renderers and omit this platform?
WARNING: Shader If subshaders removal was intentional, you may have forgotten turning Fallback off?
ERROR: Shader Standard shader is not supported on this GPU (none of subshaders/fallbacks are suitable)
WARNING: Shader Unsupported: 'Standard' - All subshaders removed
WARNING: Shader Did you use #pragma only_renderers and omit this platform?
WARNING: Shader If subshaders removal was intentional, you may have forgotten turning Fallback off?
WARNING: Shader Unsupported: 'Standard (Specular setup)' - All subshaders removed
WARNING: Shader Did you use #pragma only_renderers and omit this platform?
WARNING: Shader If subshaders removal was intentional, you may have forgotten turning Fallback off?
ERROR: Shader Standard (Specular setup) shader is not supported on this GPU (none of subshaders/fallbacks are suitable)
WARNING: Shader Unsupported: 'Standard (Specular setup)' - All subshaders removed
WARNING: Shader Did you use #pragma only_renderers and omit this platform?
WARNING: Shader If subshaders removal was intentional, you may have forgotten turning Fallback off?
UnloadTime: 8.037900 ms
ArgumentOutOfRangeException: Index was out of range. Must be non-negative and less than the size of the collection.
Parameter name: index
  at System.Collections.Generic.List`1[T].get_Item (System.Int32 index) [0x00009] in <dc753a1061284f8e971ee88ee4826eee>:0 
  at CreateBoard076.SetMaze (System.Single diff) [0x00055] in C:\Users\orhun\OneDrive\Belgeler\GitHub\Dynamic-Table\Assets\Scripts\v076\CreateBoard.cs:355 
  at dynamicTable076.OnEpisodeBegin () [0x00167] in C:\Users\orhun\OneDrive\Belgeler\GitHub\Dynamic-Table\Assets\Scripts\v076\dynamicTable.cs:177 
  at Unity.MLAgents.Agent._AgentReset () [0x0001c] in .\Library\PackageCache\com.unity.ml-agents@2.0.1\Runtime\Agent.cs:1299 
  at Unity.MLAgents.Agent.EndEpisodeAndReset (Unity.MLAgents.Agent+DoneReason reason) [0x00009] in .\Library\PackageCache\com.unity.ml-agents@2.0.1\Runtime\Agent.cs:798 
  at Unity.MLAgents.Agent.EndEpisode () [0x00001] in .\Library\PackageCache\com.unity.ml-agents@2.0.1\Runtime\Agent.cs:772 
  at dynamicTable076.triggerReset () [0x000f6] in C:\Users\orhun\OneDrive\Belgeler\GitHub\Dynamic-Table\Assets\Scripts\v076\dynamicTable.cs:201 
UnityEngine.GameObject:SendMessage(GameObject, String, Object, SendMessageOptions)
UnityEngine.GameObject:SendMessage(String) (at C:\build\output\unity\unity\Runtime\Export\Scripting\GameObject.bindings.cs:366)
productCollision076:OnTriggerEnter(Collider) (at C:\Users\orhun\OneDrive\Belgeler\GitHub\Dynamic-Table\Assets\Scripts\v076\productCollision.cs:23)

(Filename: C:/Users/orhun/OneDrive/Belgeler/GitHub/Dynamic-Table/Assets/Scripts/v076/productCollision.cs Line: 23)

ArgumentOutOfRangeException: Index was out of range. Must be non-negative and less than the size of the collection.
Parameter name: index
  at System.Collections.Generic.List`1[T].get_Item (System.Int32 index) [0x00009] in <dc753a1061284f8e971ee88ee4826eee>:0 
  at CreateBoard076.SetMaze (System.Single diff) [0x00055] in C:\Users\orhun\OneDrive\Belgeler\GitHub\Dynamic-Table\Assets\Scripts\v076\CreateBoard.cs:355 
  at dynamicTable076.triggerReset () [0x0008e] in C:\Users\orhun\OneDrive\Belgeler\GitHub\Dynamic-Table\Assets\Scripts\v076\dynamicTable.cs:194 
UnityEngine.GameObject:SendMessage(GameObject, String, Object, SendMessageOptions)
UnityEngine.GameObject:SendMessage(String) (at C:\build\output\unity\unity\Runtime\Export\Scripting\GameObject.bindings.cs:366)
productCollision076:OnTriggerEnter(Collider) (at C:\Users\orhun\OneDrive\Belgeler\GitHub\Dynamic-Table\Assets\Scripts\v076\productCollision.cs:23)

(Filename: C:/Users/orhun/OneDrive/Belgeler/GitHub/Dynamic-Table/Assets/Scripts/v076/productCollision.cs Line: 23)

ArgumentOutOfRangeException: Index was out of range. Must be non-negative and less than the size of the collection.
Parameter name: index
  at System.Collections.Generic.List`1[T].get_Item (System.Int32 index) [0x00009] in <dc753a1061284f8e971ee88ee4826eee>:0 
  at CreateBoard076.SetMaze (System.Single diff) [0x00055] in C:\Users\orhun\OneDrive\Belgeler\GitHub\Dynamic-Table\Assets\Scripts\v076\CreateBoard.cs:355 
  at dynamicTable076.OnEpisodeBegin () [0x00167] in C:\Users\orhun\OneDrive\Belgeler\GitHub\Dynamic-Table\Assets\Scripts\v076\dynamicTable.cs:177 
  at Unity.MLAgents.Agent._AgentReset () [0x0001c] in .\Library\PackageCache\com.unity.ml-agents@2.0.1\Runtime\Agent.cs:1299 
  at Unity.MLAgents.Agent.EndEpisodeAndReset (Unity.MLAgents.Agent+DoneReason reason) [0x00009] in .\Library\PackageCache\com.unity.ml-agents@2.0.1\Runtime\Agent.cs:798 
  at Unity.MLAgents.Agent.EndEpisode () [0x00001] in .\Library\PackageCache\com.unity.ml-agents@2.0.1\Runtime\Agent.cs:772 
  at dynamicTable076.winReset () [0x000ae] in C:\Users\orhun\OneDrive\Belgeler\GitHub\Dynamic-Table\Assets\Scripts\v076\dynamicTable.cs:211 
UnityEngine.GameObject:SendMessage(GameObject, String, Object, SendMessageOptions)
UnityEngine.GameObject:SendMessage(String) (at C:\build\output\unity\unity\Runtime\Export\Scripting\GameObject.bindings.cs:366)
productCollision076:OnTriggerEnter(Collider) (at C:\Users\orhun\OneDrive\Belgeler\GitHub\Dynamic-Table\Assets\Scripts\v076\productCollision.cs:18)

(Filename: C:/Users/orhun/OneDrive/Belgeler/GitHub/Dynamic-Table/Assets/Scripts/v076/productCollision.cs Line: 18)

ArgumentOutOfRangeException: Index was out of range. Must be non-negative and less than the size of the collection.
Parameter name: index
  at System.Collections.Generic.List`1[T].get_Item (System.Int32 index) [0x00009] in <dc753a1061284f8e971ee88ee4826eee>:0 
  at CreateBoard076.SetMaze (System.Single diff) [0x00055] in C:\Users\orhun\OneDrive\Belgeler\GitHub\Dynamic-Table\Assets\Scripts\v076\CreateBoard.cs:355 
  at dynamicTable076.triggerReset () [0x0008e] in C:\Users\orhun\OneDrive\Belgeler\GitHub\Dynamic-Table\Assets\Scripts\v076\dynamicTable.cs:194 
UnityEngine.GameObject:SendMessage(GameObject, String, Object, SendMessageOptions)
UnityEngine.GameObject:SendMessage(String) (at C:\build\output\unity\unity\Runtime\Export\Scripting\GameObject.bindings.cs:366)
productCollision076:OnTriggerEnter(Collider) (at C:\Users\orhun\OneDrive\Belgeler\GitHub\Dynamic-Table\Assets\Scripts\v076\productCollision.cs:23)

(Filename: C:/Users/orhun/OneDrive/Belgeler/GitHub/Dynamic-Table/Assets/Scripts/v076/productCollision.cs Line: 23)

ArgumentOutOfRangeException: Index was out of range. Must be non-negative and less than the size of the collection.
Parameter name: index
  at System.Collections.Generic.List`1[T].get_Item (System.Int32 index) [0x00009] in <dc753a1061284f8e971ee88ee4826eee>:0 
  at CreateBoard076.SetMaze (System.Single diff) [0x00055] in C:\Users\orhun\OneDrive\Belgeler\GitHub\Dynamic-Table\Assets\Scripts\v076\CreateBoard.cs:355 
  at dynamicTable076.OnEpisodeBegin () [0x00167] in C:\Users\orhun\OneDrive\Belgeler\GitHub\Dynamic-Table\Assets\Scripts\v076\dynamicTable.cs:177 
  at Unity.MLAgents.Agent._AgentReset () [0x0001c] in .\Library\PackageCache\com.unity.ml-agents@2.0.1\Runtime\Agent.cs:1299 
  at Unity.MLAgents.Agent.EndEpisodeAndReset (Unity.MLAgents.Agent+DoneReason reason) [0x00009] in .\Library\PackageCache\com.unity.ml-agents@2.0.1\Runtime\Agent.cs:798 
  at Unity.MLAgents.Agent.EndEpisode () [0x00001] in .\Library\PackageCache\com.unity.ml-agents@2.0.1\Runtime\Agent.cs:772 
  at dynamicTable076.winReset () [0x000ae] in C:\Users\orhun\OneDrive\Belgeler\GitHub\Dynamic-Table\Assets\Scripts\v076\dynamicTable.cs:211 
UnityEngine.GameObject:SendMessage(GameObject, String, Object, SendMessageOptions)
UnityEngine.GameObject:SendMessage(String) (at C:\build\output\unity\unity\Runtime\Export\Scripting\GameObject.bindings.cs:366)
productCollision076:OnTriggerEnter(Collider) (at C:\Users\orhun\OneDrive\Belgeler\GitHub\Dynamic-Table\Assets\Scripts\v076\productCollision.cs:18)

(Filename: C:/Users/orhun/OneDrive/Belgeler/GitHub/Dynamic-Table/Assets/Scripts/v076/productCollision.cs Line: 18)

ArgumentOutOfRangeException: Index was out of range. Must be non-negative and less than the size of the collection.
Parameter name: index
  at System.Collections.Generic.List`1[T].get_Item (System.Int32 index) [0x00009] in <dc753a1061284f8e971ee88ee4826eee>:0 
  at CreateBoard076.SetMaze (System.Single diff) [0x00055] in C:\Users\orhun\OneDrive\Belgeler\GitHub\Dynamic-Table\Assets\Scripts\v076\CreateBoard.cs:355 
  at dynamicTable076.OnEpisodeBegin () [0x00167] in C:\Users\orhun\OneDrive\Belgeler\GitHub\Dynamic-Table\Assets\Scripts\v076\dynamicTable.cs:177 
  at Unity.MLAgents.Agent._AgentReset () [0x0001c] in .\Library\PackageCache\com.unity.ml-agents@2.0.1\Runtime\Agent.cs:1299 
  at Unity.MLAgents.Agent.EndEpisodeAndReset (Unity.MLAgents.Agent+DoneReason reason) [0x00009] in .\Library\PackageCache\com.unity.ml-agents@2.0.1\Runtime\Agent.cs:798 
  at Unity.MLAgents.Agent.EndEpisode () [0x00001] in .\Library\PackageCache\com.unity.ml-agents@2.0.1\Runtime\Agent.cs:772 
  at dynamicTable076.winReset () [0x000ae] in C:\Users\orhun\OneDrive\Belgeler\GitHub\Dynamic-Table\Assets\Scripts\v076\dynamicTable.cs:211 
UnityEngine.GameObject:SendMessage(GameObject, String, Object, SendMessageOptions)
UnityEngine.GameObject:SendMessage(String) (at C:\build\output\unity\unity\Runtime\Export\Scripting\GameObject.bindings.cs:366)
productCollision076:OnTriggerEnter(Collider) (at C:\Users\orhun\OneDrive\Belgeler\GitHub\Dynamic-Table\Assets\Scripts\v076\productCollision.cs:18)

(Filename: C:/Users/orhun/OneDrive/Belgeler/GitHub/Dynamic-Table/Assets/Scripts/v076/productCollision.cs Line: 18)

ArgumentOutOfRangeException: Index was out of range. Must be non-negative and less than the size of the collection.
Parameter name: index
  at System.Collections.Generic.List`1[T].get_Item (System.Int32 index) [0x00009] in <dc753a1061284f8e971ee88ee4826eee>:0 
  at CreateBoard076.SetMaze (System.Single diff) [0x00055] in C:\Users\orhun\OneDrive\Belgeler\GitHub\Dynamic-Table\Assets\Scripts\v076\CreateBoard.cs:355 
  at dynamicTable076.OnEpisodeBegin () [0x00167] in C:\Users\orhun\OneDrive\Belgeler\GitHub\Dynamic-Table\Assets\Scripts\v076\dynamicTable.cs:177 
  at Unity.MLAgents.Agent._AgentReset () [0x0001c] in .\Library\PackageCache\com.unity.ml-agents@2.0.1\Runtime\Agent.cs:1299 
  at Unity.MLAgents.Agent.EndEpisodeAndReset (Unity.MLAgents.Agent+DoneReason reason) [0x00009] in .\Library\PackageCache\com.unity.ml-agents@2.0.1\Runtime\Agent.cs:798 
  at Unity.MLAgents.Agent.EndEpisode () [0x00001] in .\Library\PackageCache\com.unity.ml-agents@2.0.1\Runtime\Agent.cs:772 
  at dynamicTable076.winReset () [0x000ae] in C:\Users\orhun\OneDrive\Belgeler\GitHub\Dynamic-Table\Assets\Scripts\v076\dynamicTable.cs:211 
UnityEngine.GameObject:SendMessage(GameObject, String, Object, SendMessageOptions)
UnityEngine.GameObject:SendMessage(String) (at C:\build\output\unity\unity\Runtime\Export\Scripting\GameObject.bindings.cs:366)
productCollision076:OnTriggerEnter(Collider) (at C:\Users\orhun\OneDrive\Belgeler\GitHub\Dynamic-Table\Assets\Scripts\v076\productCollision.cs:18)

(Filename: C:/Users/orhun/OneDrive/Belgeler/GitHub/Dynamic-Table/Assets/Scripts/v076/productCollision.cs Line: 18)

ArgumentOutOfRangeException: Index was out of range. Must be non-negative and less than the size of the collection.
Parameter name: index
  at System.Collections.Generic.List`1[T].get_Item (System.Int32 index) [0x00009] in <dc753a1061284f8e971ee88ee4826eee>:0 
  at CreateBoard076.SetMaze (System.Single diff) [0x00055] in C:\Users\orhun\OneDrive\Belgeler\GitHub\Dynamic-Table\Assets\Scripts\v076\CreateBoard.cs:355 
  at dynamicTable076.OnEpisodeBegin () [0x00167] in C:\Users\orhun\OneDrive\Belgeler\GitHub\Dynamic-Table\Assets\Scripts\v076\dynamicTable.cs:177 
  at Unity.MLAgents.Agent._AgentReset () [0x0001c] in .\Library\PackageCache\com.unity.ml-agents@2.0.1\Runtime\Agent.cs:1299 
  at Unity.MLAgents.Agent.EndEpisodeAndReset (Unity.MLAgents.Agent+DoneReason reason) [0x00009] in .\Library\PackageCache\com.unity.ml-agents@2.0.1\Runtime\Agent.cs:798 
  at Unity.MLAgents.Agent.EndEpisode () [0x00001] in .\Library\PackageCache\com.unity.ml-agents@2.0.1\Runtime\Agent.cs:772 
  at dynamicTable076.triggerReset () [0x000f6] in C:\Users\orhun\OneDrive\Belgeler\GitHub\Dynamic-Table\Assets\Scripts\v076\dynamicTable.cs:201 
UnityEngine.GameObject:SendMessage(GameObject, String, Object, SendMessageOptions)
UnityEngine.GameObject:SendMessage(String) (at C:\build\output\unity\unity\Runtime\Export\Scripting\GameObject.bindings.cs:366)
productCollision076:OnTriggerEnter(Collider) (at C:\Users\orhun\OneDrive\Belgeler\GitHub\Dynamic-Table\Assets\Scripts\v076\productCollision.cs:23)

(Filename: C:/Users/orhun/OneDrive/Belgeler/GitHub/Dynamic-Table/Assets/Scripts/v076/productCollision.cs Line: 23)

ArgumentOutOfRangeException: Index was out of range. Must be non-negative and less than the size of the collection.
Parameter name: index
  at System.Collections.Generic.List`1[T].get_Item (System.Int32 index) [0x00009] in <dc753a1061284f8e971ee88ee4826eee>:0 
  at CreateBoard076.SetMaze (System.Single diff) [0x00055] in C:\Users\orhun\OneDrive\Belgeler\GitHub\Dynamic-Table\Assets\Scripts\v076\CreateBoard.cs:355 
  at dynamicTable076.OnEpisodeBegin () [0x00167] in C:\Users\orhun\OneDrive\Belgeler\GitHub\Dynamic-Table\Assets\Scripts\v076\dynamicTable.cs:177 
  at Unity.MLAgents.Agent._AgentReset () [0x0001c] in .\Library\PackageCache\com.unity.ml-agents@2.0.1\Runtime\Agent.cs:1299 
  at Unity.MLAgents.Agent.EndEpisodeAndReset (Unity.MLAgents.Agent+DoneReason reason) [0x00009] in .\Library\PackageCache\com.unity.ml-agents@2.0.1\Runtime\Agent.cs:798 
  at Unity.MLAgents.Agent.EndEpisode () [0x00001] in .\Library\PackageCache\com.unity.ml-agents@2.0.1\Runtime\Agent.cs:772 
  at dynamicTable076.triggerReset () [0x000f6] in C:\Users\orhun\OneDrive\Belgeler\GitHub\Dynamic-Table\Assets\Scripts\v076\dynamicTable.cs:201 
UnityEngine.GameObject:SendMessage(GameObject, String, Object, SendMessageOptions)
UnityEngine.GameObject:SendMessage(String) (at C:\build\output\unity\unity\Runtime\Export\Scripting\GameObject.bindings.cs:366)
productCollision076:OnTriggerEnter(Collider) (at C:\Users\orhun\OneDrive\Belgeler\GitHub\Dynamic-Table\Assets\Scripts\v076\productCollision.cs:23)

(Filename: C:/Users/orhun/OneDrive/Belgeler/GitHub/Dynamic-Table/Assets/Scripts/v076/productCollision.cs Line: 23)

ArgumentOutOfRangeException: Index was out of range. Must be non-negative and less than the size of the collection.
Parameter name: index
  at System.Collections.Generic.List`1[T].get_Item (System.Int32 index) [0x00009] in <dc753a1061284f8e971ee88ee4826eee>:0 
  at CreateBoard076.SetMaze (System.Single diff) [0x00055] in C:\Users\orhun\OneDrive\Belgeler\GitHub\Dynamic-Table\Assets\Scripts\v076\CreateBoard.cs:355 
  at dynamicTable076.OnEpisodeBegin () [0x00167] in C:\Users\orhun\OneDrive\Belgeler\GitHub\Dynamic-Table\Assets\Scripts\v076\dynamicTable.cs:177 
  at Unity.MLAgents.Agent._AgentReset () [0x0001c] in .\Library\PackageCache\com.unity.ml-agents@2.0.1\Runtime\Agent.cs:1299 
  at Unity.MLAgents.Agent.EndEpisodeAndReset (Unity.MLAgents.Agent+DoneReason reason) [0x00009] in .\Library\PackageCache\com.unity.ml-agents@2.0.1\Runtime\Agent.cs:798 
  at Unity.MLAgents.Agent.EndEpisode () [0x00001] in .\Library\PackageCache\com.unity.ml-agents@2.0.1\Runtime\Agent.cs:772 
  at dynamicTable076.winReset () [0x000ae] in C:\Users\orhun\OneDrive\Belgeler\GitHub\Dynamic-Table\Assets\Scripts\v076\dynamicTable.cs:211 
UnityEngine.GameObject:SendMessage(GameObject, String, Object, SendMessageOptions)
UnityEngine.GameObject:SendMessage(String) (at C:\build\output\unity\unity\Runtime\Export\Scripting\GameObject.bindings.cs:366)
productCollision076:OnTriggerEnter(Collider) (at C:\Users\orhun\OneDrive\Belgeler\GitHub\Dynamic-Table\Assets\Scripts\v076\productCollision.cs:18)

(Filename: C:/Users/orhun/OneDrive/Belgeler/GitHub/Dynamic-Table/Assets/Scripts/v076/productCollision.cs Line: 18)

ArgumentOutOfRangeException: Index was out of range. Must be non-negative and less than the size of the collection.
Parameter name: index
  at System.Collections.Generic.List`1[T].get_Item (System.Int32 index) [0x00009] in <dc753a1061284f8e971ee88ee4826eee>:0 
  at CreateBoard076.SetMaze (System.Single diff) [0x00055] in C:\Users\orhun\OneDrive\Belgeler\GitHub\Dynamic-Table\Assets\Scripts\v076\CreateBoard.cs:355 
  at dynamicTable076.OnEpisodeBegin () [0x00167] in C:\Users\orhun\OneDrive\Belgeler\GitHub\Dynamic-Table\Assets\Scripts\v076\dynamicTable.cs:177 
  at Unity.MLAgents.Agent._AgentReset () [0x0001c] in .\Library\PackageCache\com.unity.ml-agents@2.0.1\Runtime\Agent.cs:1299 
  at Unity.MLAgents.Agent.EndEpisodeAndReset (Unity.MLAgents.Agent+DoneReason reason) [0x00009] in .\Library\PackageCache\com.unity.ml-agents@2.0.1\Runtime\Agent.cs:798 
  at Unity.MLAgents.Agent.EndEpisode () [0x00001] in .\Library\PackageCache\com.unity.ml-agents@2.0.1\Runtime\Agent.cs:772 
  at dynamicTable076.winReset () [0x000ae] in C:\Users\orhun\OneDrive\Belgeler\GitHub\Dynamic-Table\Assets\Scripts\v076\dynamicTable.cs:211 
UnityEngine.GameObject:SendMessage(GameObject, String, Object, SendMessageOptions)
UnityEngine.GameObject:SendMessage(String) (at C:\build\output\unity\unity\Runtime\Export\Scripting\GameObject.bindings.cs:366)
productCollision076:OnTriggerEnter(Collider) (at C:\Users\orhun\OneDrive\Belgeler\GitHub\Dynamic-Table\Assets\Scripts\v076\productCollision.cs:18)

(Filename: C:/Users/orhun/OneDrive/Belgeler/GitHub/Dynamic-Table/Assets/Scripts/v076/productCollision.cs Line: 18)

ArgumentOutOfRangeException: Index was out of range. Must be non-negative and less than the size of the collection.
Parameter name: index
  at System.Collections.Generic.List`1[T].get_Item (System.Int32 index) [0x00009] in <dc753a1061284f8e971ee88ee4826eee>:0 
  at CreateBoard076.SetMaze (System.Single diff) [0x00055] in C:\Users\orhun\OneDrive\Belgeler\GitHub\Dynamic-Table\Assets\Scripts\v076\CreateBoard.cs:355 
  at dynamicTable076.OnEpisodeBegin () [0x00167] in C:\Users\orhun\OneDrive\Belgeler\GitHub\Dynamic-Table\Assets\Scripts\v076\dynamicTable.cs:177 
  at Unity.MLAgents.Agent._AgentReset () [0x0001c] in .\Library\PackageCache\com.unity.ml-agents@2.0.1\Runtime\Agent.cs:1299 
  at Unity.MLAgents.Agent.EndEpisodeAndReset (Unity.MLAgents.Agent+DoneReason reason) [0x00009] in .\Library\PackageCache\com.unity.ml-agents@2.0.1\Runtime\Agent.cs:798 
  at Unity.MLAgents.Agent.EndEpisode () [0x00001] in .\Library\PackageCache\com.unity.ml-agents@2.0.1\Runtime\Agent.cs:772 
  at dynamicTable076.triggerReset () [0x000f6] in C:\Users\orhun\OneDrive\Belgeler\GitHub\Dynamic-Table\Assets\Scripts\v076\dynamicTable.cs:201 
UnityEngine.GameObject:SendMessage(GameObject, String, Object, SendMessageOptions)
UnityEngine.GameObject:SendMessage(String) (at C:\build\output\unity\unity\Runtime\Export\Scripting\GameObject.bindings.cs:366)
productCollision076:OnTriggerEnter(Collider) (at C:\Users\orhun\OneDrive\Belgeler\GitHub\Dynamic-Table\Assets\Scripts\v076\productCollision.cs:23)

(Filename: C:/Users/orhun/OneDrive/Belgeler/GitHub/Dynamic-Table/Assets/Scripts/v076/productCollision.cs Line: 23)

ArgumentOutOfRangeException: Index was out of range. Must be non-negative and less than the size of the collection.
Parameter name: index
  at System.Collections.Generic.List`1[T].get_Item (System.Int32 index) [0x00009] in <dc753a1061284f8e971ee88ee4826eee>:0 
  at CreateBoard076.SetMaze (System.Single diff) [0x00055] in C:\Users\orhun\OneDrive\Belgeler\GitHub\Dynamic-Table\Assets\Scripts\v076\CreateBoard.cs:355 
  at dynamicTable076.OnEpisodeBegin () [0x00167] in C:\Users\orhun\OneDrive\Belgeler\GitHub\Dynamic-Table\Assets\Scripts\v076\dynamicTable.cs:177 
  at Unity.MLAgents.Agent._AgentReset () [0x0001c] in .\Library\PackageCache\com.unity.ml-agents@2.0.1\Runtime\Agent.cs:1299 
  at Unity.MLAgents.Agent.EndEpisodeAndReset (Unity.MLAgents.Agent+DoneReason reason) [0x00009] in .\Library\PackageCache\com.unity.ml-agents@2.0.1\Runtime\Agent.cs:798 
  at Unity.MLAgents.Agent.EndEpisode () [0x00001] in .\Library\PackageCache\com.unity.ml-agents@2.0.1\Runtime\Agent.cs:772 
  at dynamicTable076.winReset () [0x000ae] in C:\Users\orhun\OneDrive\Belgeler\GitHub\Dynamic-Table\Assets\Scripts\v076\dynamicTable.cs:211 
UnityEngine.GameObject:SendMessage(GameObject, String, Object, SendMessageOptions)
UnityEngine.GameObject:SendMessage(String) (at C:\build\output\unity\unity\Runtime\Export\Scripting\GameObject.bindings.cs:366)
productCollision076:OnTriggerEnter(Collider) (at C:\Users\orhun\OneDrive\Belgeler\GitHub\Dynamic-Table\Assets\Scripts\v076\productCollision.cs:18)

(Filename: C:/Users/orhun/OneDrive/Belgeler/GitHub/Dynamic-Table/Assets/Scripts/v076/productCollision.cs Line: 18)

ArgumentOutOfRangeException: Index was out of range. Must be non-negative and less than the size of the collection.
Parameter name: index
  at System.Collections.Generic.List`1[T].get_Item (System.Int32 index) [0x00009] in <dc753a1061284f8e971ee88ee4826eee>:0 
  at CreateBoard076.SetMaze (System.Single diff) [0x00055] in C:\Users\orhun\OneDrive\Belgeler\GitHub\Dynamic-Table\Assets\Scripts\v076\CreateBoard.cs:355 
  at dynamicTable076.triggerReset () [0x0008e] in C:\Users\orhun\OneDrive\Belgeler\GitHub\Dynamic-Table\Assets\Scripts\v076\dynamicTable.cs:194 
UnityEngine.GameObject:SendMessage(GameObject, String, Object, SendMessageOptions)
UnityEngine.GameObject:SendMessage(String) (at C:\build\output\unity\unity\Runtime\Export\Scripting\GameObject.bindings.cs:366)
productCollision076:OnTriggerEnter(Collider) (at C:\Users\orhun\OneDrive\Belgeler\GitHub\Dynamic-Table\Assets\Scripts\v076\productCollision.cs:23)

(Filename: C:/Users/orhun/OneDrive/Belgeler/GitHub/Dynamic-Table/Assets/Scripts/v076/productCollision.cs Line: 23)

ArgumentOutOfRangeException: Index was out of range. Must be non-negative and less than the size of the collection.
Parameter name: index
  at System.Collections.Generic.List`1[T].get_Item (System.Int32 index) [0x00009] in <dc753a1061284f8e971ee88ee4826eee>:0 
  at CreateBoard076.SetMaze (System.Single diff) [0x00055] in C:\Users\orhun\OneDrive\Belgeler\GitHub\Dynamic-Table\Assets\Scripts\v076\CreateBoard.cs:355 
  at dynamicTable076.OnEpisodeBegin () [0x00167] in C:\Users\orhun\OneDrive\Belgeler\GitHub\Dynamic-Table\Assets\Scripts\v076\dynamicTable.cs:177 
  at Unity.MLAgents.Agent._AgentReset () [0x0001c] in .\Library\PackageCache\com.unity.ml-agents@2.0.1\Runtime\Agent.cs:1299 
  at Unity.MLAgents.Agent.EndEpisodeAndReset (Unity.MLAgents.Agent+DoneReason reason) [0x00009] in .\Library\PackageCache\com.unity.ml-agents@2.0.1\Runtime\Agent.cs:798 
  at Unity.MLAgents.Agent.EndEpisode () [0x00001] in .\Library\PackageCache\com.unity.ml-agents@2.0.1\Runtime\Agent.cs:772 
  at dynamicTable076.winReset () [0x000ae] in C:\Users\orhun\OneDrive\Belgeler\GitHub\Dynamic-Table\Assets\Scripts\v076\dynamicTable.cs:211 
UnityEngine.GameObject:SendMessage(GameObject, String, Object, SendMessageOptions)
UnityEngine.GameObject:SendMessage(String) (at C:\build\output\unity\unity\Runtime\Export\Scripting\GameObject.bindings.cs:366)
productCollision076:OnTriggerEnter(Collider) (at C:\Users\orhun\OneDrive\Belgeler\GitHub\Dynamic-Table\Assets\Scripts\v076\productCollision.cs:18)

(Filename: C:/Users/orhun/OneDrive/Belgeler/GitHub/Dynamic-Table/Assets/Scripts/v076/productCollision.cs Line: 18)

ArgumentOutOfRangeException: Index was out of range. Must be non-negative and less than the size of the collection.
Parameter name: index
  at System.Collections.Generic.List`1[T].get_Item (System.Int32 index) [0x00009] in <dc753a1061284f8e971ee88ee4826eee>:0 
  at CreateBoard076.SetMaze (System.Single diff) [0x00055] in C:\Users\orhun\OneDrive\Belgeler\GitHub\Dynamic-Table\Assets\Scripts\v076\CreateBoard.cs:355 
  at dynamicTable076.OnEpisodeBegin () [0x00167] in C:\Users\orhun\OneDrive\Belgeler\GitHub\Dynamic-Table\Assets\Scripts\v076\dynamicTable.cs:177 
  at Unity.MLAgents.Agent._AgentReset () [0x0001c] in .\Library\PackageCache\com.unity.ml-agents@2.0.1\Runtime\Agent.cs:1299 
  at Unity.MLAgents.Agent.EndEpisodeAndReset (Unity.MLAgents.Agent+DoneReason reason) [0x00009] in .\Library\PackageCache\com.unity.ml-agents@2.0.1\Runtime\Agent.cs:798 
  at Unity.MLAgents.Agent.EndEpisode () [0x00001] in .\Library\PackageCache\com.unity.ml-agents@2.0.1\Runtime\Agent.cs:772 
  at dynamicTable076.winReset () [0x000ae] in C:\Users\orhun\OneDrive\Belgeler\GitHub\Dynamic-Table\Assets\Scripts\v076\dynamicTable.cs:211 
UnityEngine.GameObject:SendMessage(GameObject, String, Object, SendMessageOptions)
UnityEngine.GameObject:SendMessage(String) (at C:\build\output\unity\unity\Runtime\Export\Scripting\GameObject.bindings.cs:366)
productCollision076:OnTriggerEnter(Collider) (at C:\Users\orhun\OneDrive\Belgeler\GitHub\Dynamic-Table\Assets\Scripts\v076\productCollision.cs:18)

(Filename: C:/Users/orhun/OneDrive/Belgeler/GitHub/Dynamic-Table/Assets/Scripts/v076/productCollision.cs Line: 18)

ArgumentOutOfRangeException: Index was out of range. Must be non-negative and less than the size of the collection.
Parameter name: index
  at System.Collections.Generic.List`1[T].get_Item (System.Int32 index) [0x00009] in <dc753a1061284f8e971ee88ee4826eee>:0 
  at CreateBoard076.SetMaze (System.Single diff) [0x00055] in C:\Users\orhun\OneDrive\Belgeler\GitHub\Dynamic-Table\Assets\Scripts\v076\CreateBoard.cs:355 
  at dynamicTable076.triggerReset () [0x0008e] in C:\Users\orhun\OneDrive\Belgeler\GitHub\Dynamic-Table\Assets\Scripts\v076\dynamicTable.cs:194 
UnityEngine.GameObject:SendMessage(GameObject, String, Object, SendMessageOptions)
UnityEngine.GameObject:SendMessage(String) (at C:\build\output\unity\unity\Runtime\Export\Scripting\GameObject.bindings.cs:366)
productCollision076:OnTriggerEnter(Collider) (at C:\Users\orhun\OneDrive\Belgeler\GitHub\Dynamic-Table\Assets\Scripts\v076\productCollision.cs:23)

(Filename: C:/Users/orhun/OneDrive/Belgeler/GitHub/Dynamic-Table/Assets/Scripts/v076/productCollision.cs Line: 23)

ArgumentOutOfRangeException: Index was out of range. Must be non-negative and less than the size of the collection.
Parameter name: index
  at System.Collections.Generic.List`1[T].get_Item (System.Int32 index) [0x00009] in <dc753a1061284f8e971ee88ee4826eee>:0 
  at CreateBoard076.SetMaze (System.Single diff) [0x00055] in C:\Users\orhun\OneDrive\Belgeler\GitHub\Dynamic-Table\Assets\Scripts\v076\CreateBoard.cs:355 
  at dynamicTable076.OnEpisodeBegin () [0x00167] in C:\Users\orhun\OneDrive\Belgeler\GitHub\Dynamic-Table\Assets\Scripts\v076\dynamicTable.cs:177 
  at Unity.MLAgents.Agent._AgentReset () [0x0001c] in .\Library\PackageCache\com.unity.ml-agents@2.0.1\Runtime\Agent.cs:1299 
  at Unity.MLAgents.Agent.EndEpisodeAndReset (Unity.MLAgents.Agent+DoneReason reason) [0x00009] in .\Library\PackageCache\com.unity.ml-agents@2.0.1\Runtime\Agent.cs:798 
  at Unity.MLAgents.Agent.EndEpisode () [0x00001] in .\Library\PackageCache\com.unity.ml-agents@2.0.1\Runtime\Agent.cs:772 
  at dynamicTable076.winReset () [0x000ae] in C:\Users\orhun\OneDrive\Belgeler\GitHub\Dynamic-Table\Assets\Scripts\v076\dynamicTable.cs:211 
UnityEngine.GameObject:SendMessage(GameObject, String, Object, SendMessageOptions)
UnityEngine.GameObject:SendMessage(String) (at C:\build\output\unity\unity\Runtime\Export\Scripting\GameObject.bindings.cs:366)
productCollision076:OnTriggerEnter(Collider) (at C:\Users\orhun\OneDrive\Belgeler\GitHub\Dynamic-Table\Assets\Scripts\v076\productCollision.cs:18)

(Filename: C:/Users/orhun/OneDrive/Belgeler/GitHub/Dynamic-Table/Assets/Scripts/v076/productCollision.cs Line: 18)

ArgumentOutOfRangeException: Index was out of range. Must be non-negative and less than the size of the collection.
Parameter name: index
  at System.Collections.Generic.List`1[T].get_Item (System.Int32 index) [0x00009] in <dc753a1061284f8e971ee88ee4826eee>:0 
  at CreateBoard076.SetMaze (System.Single diff) [0x00055] in C:\Users\orhun\OneDrive\Belgeler\GitHub\Dynamic-Table\Assets\Scripts\v076\CreateBoard.cs:355 
  at dynamicTable076.OnEpisodeBegin () [0x00167] in C:\Users\orhun\OneDrive\Belgeler\GitHub\Dynamic-Table\Assets\Scripts\v076\dynamicTable.cs:177 
  at Unity.MLAgents.Agent._AgentReset () [0x0001c] in .\Library\PackageCache\com.unity.ml-agents@2.0.1\Runtime\Agent.cs:1299 
  at Unity.MLAgents.Agent.AgentStep () [0x00055] in .\Library\PackageCache\com.unity.ml-agents@2.0.1\Runtime\Agent.cs:1350 
  at (wrapper delegate-invoke) <Module>.invoke_void()
  at Unity.MLAgents.Academy.EnvironmentStep () [0x000f5] in .\Library\PackageCache\com.unity.ml-agents@2.0.1\Runtime\Academy.cs:589 
  at Unity.MLAgents.AcademyFixedUpdateStepper.FixedUpdate () [0x0002e] in .\Library\PackageCache\com.unity.ml-agents@2.0.1\Runtime\Academy.cs:43 

(Filename: C:/Users/orhun/OneDrive/Belgeler/GitHub/Dynamic-Table/Assets/Scripts/v076/CreateBoard.cs Line: 355)

ArgumentOutOfRangeException: Index was out of range. Must be non-negative and less than the size of the collection.
Parameter name: index
  at System.Collections.Generic.List`1[T].get_Item (System.Int32 index) [0x00009] in <dc753a1061284f8e971ee88ee4826eee>:0 
  at CreateBoard076.SetMaze (System.Single diff) [0x00055] in C:\Users\orhun\OneDrive\Belgeler\GitHub\Dynamic-Table\Assets\Scripts\v076\CreateBoard.cs:355 
  at dynamicTable076.OnEpisodeBegin () [0x00167] in C:\Users\orhun\OneDrive\Belgeler\GitHub\Dynamic-Table\Assets\Scripts\v076\dynamicTable.cs:177 
  at Unity.MLAgents.Agent._AgentReset () [0x0001c] in .\Library\PackageCache\com.unity.ml-agents@2.0.1\Runtime\Agent.cs:1299 
  at Unity.MLAgents.Agent.EndEpisodeAndReset (Unity.MLAgents.Agent+DoneReason reason) [0x00009] in .\Library\PackageCache\com.unity.ml-agents@2.0.1\Runtime\Agent.cs:798 
  at Unity.MLAgents.Agent.EndEpisode () [0x00001] in .\Library\PackageCache\com.unity.ml-agents@2.0.1\Runtime\Agent.cs:772 
  at dynamicTable076.winReset () [0x000ae] in C:\Users\orhun\OneDrive\Belgeler\GitHub\Dynamic-Table\Assets\Scripts\v076\dynamicTable.cs:211 
UnityEngine.GameObject:SendMessage(GameObject, String, Object, SendMessageOptions)
UnityEngine.GameObject:SendMessage(String) (at C:\build\output\unity\unity\Runtime\Export\Scripting\GameObject.bindings.cs:366)
productCollision076:OnTriggerEnter(Collider) (at C:\Users\orhun\OneDrive\Belgeler\GitHub\Dynamic-Table\Assets\Scripts\v076\productCollision.cs:18)

(Filename: C:/Users/orhun/OneDrive/Belgeler/GitHub/Dynamic-Table/Assets/Scripts/v076/productCollision.cs Line: 18)

ArgumentOutOfRangeException: Index was out of range. Must be non-negative and less than the size of the collection.
Parameter name: index
  at System.Collections.Generic.List`1[T].get_Item (System.Int32 index) [0x00009] in <dc753a1061284f8e971ee88ee4826eee>:0 
  at CreateBoard076.SetMaze (System.Single diff) [0x00055] in C:\Users\orhun\OneDrive\Belgeler\GitHub\Dynamic-Table\Assets\Scripts\v076\CreateBoard.cs:355 
  at dynamicTable076.OnEpisodeBegin () [0x00167] in C:\Users\orhun\OneDrive\Belgeler\GitHub\Dynamic-Table\Assets\Scripts\v076\dynamicTable.cs:177 
  at Unity.MLAgents.Agent._AgentReset () [0x0001c] in .\Library\PackageCache\com.unity.ml-agents@2.0.1\Runtime\Agent.cs:1299 
  at Unity.MLAgents.Agent.EndEpisodeAndReset (Unity.MLAgents.Agent+DoneReason reason) [0x00009] in .\Library\PackageCache\com.unity.ml-agents@2.0.1\Runtime\Agent.cs:798 
  at Unity.MLAgents.Agent.EndEpisode () [0x00001] in .\Library\PackageCache\com.unity.ml-agents@2.0.1\Runtime\Agent.cs:772 
  at dynamicTable076.winReset () [0x000ae] in C:\Users\orhun\OneDrive\Belgeler\GitHub\Dynamic-Table\Assets\Scripts\v076\dynamicTable.cs:211 
UnityEngine.GameObject:SendMessage(GameObject, String, Object, SendMessageOptions)
UnityEngine.GameObject:SendMessage(String) (at C:\build\output\unity\unity\Runtime\Export\Scripting\GameObject.bindings.cs:366)
productCollision076:OnTriggerEnter(Collider) (at C:\Users\orhun\OneDrive\Belgeler\GitHub\Dynamic-Table\Assets\Scripts\v076\productCollision.cs:18)

(Filename: C:/Users/orhun/OneDrive/Belgeler/GitHub/Dynamic-Table/Assets/Scripts/v076/productCollision.cs Line: 18)

ArgumentOutOfRangeException: Index was out of range. Must be non-negative and less than the size of the collection.
Parameter name: index
  at System.Collections.Generic.List`1[T].get_Item (System.Int32 index) [0x00009] in <dc753a1061284f8e971ee88ee4826eee>:0 
  at CreateBoard076.SetMaze (System.Single diff) [0x00055] in C:\Users\orhun\OneDrive\Belgeler\GitHub\Dynamic-Table\Assets\Scripts\v076\CreateBoard.cs:355 
  at dynamicTable076.OnEpisodeBegin () [0x00167] in C:\Users\orhun\OneDrive\Belgeler\GitHub\Dynamic-Table\Assets\Scripts\v076\dynamicTable.cs:177 
  at Unity.MLAgents.Agent._AgentReset () [0x0001c] in .\Library\PackageCache\com.unity.ml-agents@2.0.1\Runtime\Agent.cs:1299 
  at Unity.MLAgents.Agent.EndEpisodeAndReset (Unity.MLAgents.Agent+DoneReason reason) [0x00009] in .\Library\PackageCache\com.unity.ml-agents@2.0.1\Runtime\Agent.cs:798 
  at Unity.MLAgents.Agent.EndEpisode () [0x00001] in .\Library\PackageCache\com.unity.ml-agents@2.0.1\Runtime\Agent.cs:772 
  at dynamicTable076.winReset () [0x000ae] in C:\Users\orhun\OneDrive\Belgeler\GitHub\Dynamic-Table\Assets\Scripts\v076\dynamicTable.cs:211 
UnityEngine.GameObject:SendMessage(GameObject, String, Object, SendMessageOptions)
UnityEngine.GameObject:SendMessage(String) (at C:\build\output\unity\unity\Runtime\Export\Scripting\GameObject.bindings.cs:366)
productCollision076:OnTriggerEnter(Collider) (at C:\Users\orhun\OneDrive\Belgeler\GitHub\Dynamic-Table\Assets\Scripts\v076\productCollision.cs:18)

(Filename: C:/Users/orhun/OneDrive/Belgeler/GitHub/Dynamic-Table/Assets/Scripts/v076/productCollision.cs Line: 18)

ArgumentOutOfRangeException: Index was out of range. Must be non-negative and less than the size of the collection.
Parameter name: index
  at System.Collections.Generic.List`1[T].get_Item (System.Int32 index) [0x00009] in <dc753a1061284f8e971ee88ee4826eee>:0 
  at CreateBoard076.SetMaze (System.Single diff) [0x00055] in C:\Users\orhun\OneDrive\Belgeler\GitHub\Dynamic-Table\Assets\Scripts\v076\CreateBoard.cs:355 
  at dynamicTable076.OnEpisodeBegin () [0x00167] in C:\Users\orhun\OneDrive\Belgeler\GitHub\Dynamic-Table\Assets\Scripts\v076\dynamicTable.cs:177 
  at Unity.MLAgents.Agent._AgentReset () [0x0001c] in .\Library\PackageCache\com.unity.ml-agents@2.0.1\Runtime\Agent.cs:1299 
  at Unity.MLAgents.Agent.EndEpisodeAndReset (Unity.MLAgents.Agent+DoneReason reason) [0x00009] in .\Library\PackageCache\com.unity.ml-agents@2.0.1\Runtime\Agent.cs:798 
  at Unity.MLAgents.Agent.EndEpisode () [0x00001] in .\Library\PackageCache\com.unity.ml-agents@2.0.1\Runtime\Agent.cs:772 
  at dynamicTable076.winReset () [0x000ae] in C:\Users\orhun\OneDrive\Belgeler\GitHub\Dynamic-Table\Assets\Scripts\v076\dynamicTable.cs:211 
UnityEngine.GameObject:SendMessage(GameObject, String, Object, SendMessageOptions)
UnityEngine.GameObject:SendMessage(String) (at C:\build\output\unity\unity\Runtime\Export\Scripting\GameObject.bindings.cs:366)
productCollision076:OnTriggerEnter(Collider) (at C:\Users\orhun\OneDrive\Belgeler\GitHub\Dynamic-Table\Assets\Scripts\v076\productCollision.cs:18)

(Filename: C:/Users/orhun/OneDrive/Belgeler/GitHub/Dynamic-Table/Assets/Scripts/v076/productCollision.cs Line: 18)

ArgumentOutOfRangeException: Index was out of range. Must be non-negative and less than the size of the collection.
Parameter name: index
  at System.Collections.Generic.List`1[T].get_Item (System.Int32 index) [0x00009] in <dc753a1061284f8e971ee88ee4826eee>:0 
  at CreateBoard076.SetMaze (System.Single diff) [0x00055] in C:\Users\orhun\OneDrive\Belgeler\GitHub\Dynamic-Table\Assets\Scripts\v076\CreateBoard.cs:355 
  at dynamicTable076.triggerReset () [0x0008e] in C:\Users\orhun\OneDrive\Belgeler\GitHub\Dynamic-Table\Assets\Scripts\v076\dynamicTable.cs:194 
UnityEngine.GameObject:SendMessage(GameObject, String, Object, SendMessageOptions)
UnityEngine.GameObject:SendMessage(String) (at C:\build\output\unity\unity\Runtime\Export\Scripting\GameObject.bindings.cs:366)
productCollision076:OnTriggerEnter(Collider) (at C:\Users\orhun\OneDrive\Belgeler\GitHub\Dynamic-Table\Assets\Scripts\v076\productCollision.cs:23)

(Filename: C:/Users/orhun/OneDrive/Belgeler/GitHub/Dynamic-Table/Assets/Scripts/v076/productCollision.cs Line: 23)

ArgumentOutOfRangeException: Index was out of range. Must be non-negative and less than the size of the collection.
Parameter name: index
  at System.Collections.Generic.List`1[T].get_Item (System.Int32 index) [0x00009] in <dc753a1061284f8e971ee88ee4826eee>:0 
  at CreateBoard076.SetMaze (System.Single diff) [0x00055] in C:\Users\orhun\OneDrive\Belgeler\GitHub\Dynamic-Table\Assets\Scripts\v076\CreateBoard.cs:355 
  at dynamicTable076.triggerReset () [0x0008e] in C:\Users\orhun\OneDrive\Belgeler\GitHub\Dynamic-Table\Assets\Scripts\v076\dynamicTable.cs:194 
UnityEngine.GameObject:SendMessage(GameObject, String, Object, SendMessageOptions)
UnityEngine.GameObject:SendMessage(String) (at C:\build\output\unity\unity\Runtime\Export\Scripting\GameObject.bindings.cs:366)
productCollision076:OnTriggerEnter(Collider) (at C:\Users\orhun\OneDrive\Belgeler\GitHub\Dynamic-Table\Assets\Scripts\v076\productCollision.cs:23)

(Filename: C:/Users/orhun/OneDrive/Belgeler/GitHub/Dynamic-Table/Assets/Scripts/v076/productCollision.cs Line: 23)

ArgumentOutOfRangeException: Index was out of range. Must be non-negative and less than the size of the collection.
Parameter name: index
  at System.Collections.Generic.List`1[T].get_Item (System.Int32 index) [0x00009] in <dc753a1061284f8e971ee88ee4826eee>:0 
  at CreateBoard076.SetMaze (System.Single diff) [0x00055] in C:\Users\orhun\OneDrive\Belgeler\GitHub\Dynamic-Table\Assets\Scripts\v076\CreateBoard.cs:355 
  at dynamicTable076.OnEpisodeBegin () [0x00167] in C:\Users\orhun\OneDrive\Belgeler\GitHub\Dynamic-Table\Assets\Scripts\v076\dynamicTable.cs:177 
  at Unity.MLAgents.Agent._AgentReset () [0x0001c] in .\Library\PackageCache\com.unity.ml-agents@2.0.1\Runtime\Agent.cs:1299 
  at Unity.MLAgents.Agent.EndEpisodeAndReset (Unity.MLAgents.Agent+DoneReason reason) [0x00009] in .\Library\PackageCache\com.unity.ml-agents@2.0.1\Runtime\Agent.cs:798 
  at Unity.MLAgents.Agent.EndEpisode () [0x00001] in .\Library\PackageCache\com.unity.ml-agents@2.0.1\Runtime\Agent.cs:772 
  at dynamicTable076.winReset () [0x000ae] in C:\Users\orhun\OneDrive\Belgeler\GitHub\Dynamic-Table\Assets\Scripts\v076\dynamicTable.cs:211 
UnityEngine.GameObject:SendMessage(GameObject, String, Object, SendMessageOptions)
UnityEngine.GameObject:SendMessage(String) (at C:\build\output\unity\unity\Runtime\Export\Scripting\GameObject.bindings.cs:366)
productCollision076:OnTriggerEnter(Collider) (at C:\Users\orhun\OneDrive\Belgeler\GitHub\Dynamic-Table\Assets\Scripts\v076\productCollision.cs:18)

(Filename: C:/Users/orhun/OneDrive/Belgeler/GitHub/Dynamic-Table/Assets/Scripts/v076/productCollision.cs Line: 18)

ArgumentOutOfRangeException: Index was out of range. Must be non-negative and less than the size of the collection.
Parameter name: index
  at System.Collections.Generic.List`1[T].get_Item (System.Int32 index) [0x00009] in <dc753a1061284f8e971ee88ee4826eee>:0 
  at CreateBoard076.SetMaze (System.Single diff) [0x00055] in C:\Users\orhun\OneDrive\Belgeler\GitHub\Dynamic-Table\Assets\Scripts\v076\CreateBoard.cs:355 
  at dynamicTable076.OnEpisodeBegin () [0x00167] in C:\Users\orhun\OneDrive\Belgeler\GitHub\Dynamic-Table\Assets\Scripts\v076\dynamicTable.cs:177 
  at Unity.MLAgents.Agent._AgentReset () [0x0001c] in .\Library\PackageCache\com.unity.ml-agents@2.0.1\Runtime\Agent.cs:1299 
  at Unity.MLAgents.Agent.AgentStep () [0x00055] in .\Library\PackageCache\com.unity.ml-agents@2.0.1\Runtime\Agent.cs:1350 
  at (wrapper delegate-invoke) <Module>.invoke_void()
  at Unity.MLAgents.Academy.EnvironmentStep () [0x000f5] in .\Library\PackageCache\com.unity.ml-agents@2.0.1\Runtime\Academy.cs:589 
  at Unity.MLAgents.AcademyFixedUpdateStepper.FixedUpdate () [0x0002e] in .\Library\PackageCache\com.unity.ml-agents@2.0.1\Runtime\Academy.cs:43 

(Filename: C:/Users/orhun/OneDrive/Belgeler/GitHub/Dynamic-Table/Assets/Scripts/v076/CreateBoard.cs Line: 355)

ArgumentOutOfRangeException: Index was out of range. Must be non-negative and less than the size of the collection.
Parameter name: index
  at System.Collections.Generic.List`1[T].get_Item (System.Int32 index) [0x00009] in <dc753a1061284f8e971ee88ee4826eee>:0 
  at CreateBoard076.SetMaze (System.Single diff) [0x00055] in C:\Users\orhun\OneDrive\Belgeler\GitHub\Dynamic-Table\Assets\Scripts\v076\CreateBoard.cs:355 
  at dynamicTable076.OnEpisodeBegin () [0x00167] in C:\Users\orhun\OneDrive\Belgeler\GitHub\Dynamic-Table\Assets\Scripts\v076\dynamicTable.cs:177 
  at Unity.MLAgents.Agent._AgentReset () [0x0001c] in .\Library\PackageCache\com.unity.ml-agents@2.0.1\Runtime\Agent.cs:1299 
  at Unity.MLAgents.Agent.EndEpisodeAndReset (Unity.MLAgents.Agent+DoneReason reason) [0x00009] in .\Library\PackageCache\com.unity.ml-agents@2.0.1\Runtime\Agent.cs:798 
  at Unity.MLAgents.Agent.EndEpisode () [0x00001] in .\Library\PackageCache\com.unity.ml-agents@2.0.1\Runtime\Agent.cs:772 
  at dynamicTable076.winReset () [0x000ae] in C:\Users\orhun\OneDrive\Belgeler\GitHub\Dynamic-Table\Assets\Scripts\v076\dynamicTable.cs:211 
UnityEngine.GameObject:SendMessage(GameObject, String, Object, SendMessageOptions)
UnityEngine.GameObject:SendMessage(String) (at C:\build\output\unity\unity\Runtime\Export\Scripting\GameObject.bindings.cs:366)
productCollision076:OnTriggerEnter(Collider) (at C:\Users\orhun\OneDrive\Belgeler\GitHub\Dynamic-Table\Assets\Scripts\v076\productCollision.cs:18)

(Filename: C:/Users/orhun/OneDrive/Belgeler/GitHub/Dynamic-Table/Assets/Scripts/v076/productCollision.cs Line: 18)

ArgumentOutOfRangeException: Index was out of range. Must be non-negative and less than the size of the collection.
Parameter name: index
  at System.Collections.Generic.List`1[T].get_Item (System.Int32 index) [0x00009] in <dc753a1061284f8e971ee88ee4826eee>:0 
  at CreateBoard076.SetMaze (System.Single diff) [0x00055] in C:\Users\orhun\OneDrive\Belgeler\GitHub\Dynamic-Table\Assets\Scripts\v076\CreateBoard.cs:355 
  at dynamicTable076.OnEpisodeBegin () [0x00167] in C:\Users\orhun\OneDrive\Belgeler\GitHub\Dynamic-Table\Assets\Scripts\v076\dynamicTable.cs:177 
  at Unity.MLAgents.Agent._AgentReset () [0x0001c] in .\Library\PackageCache\com.unity.ml-agents@2.0.1\Runtime\Agent.cs:1299 
  at Unity.MLAgents.Agent.EndEpisodeAndReset (Unity.MLAgents.Agent+DoneReason reason) [0x00009] in .\Library\PackageCache\com.unity.ml-agents@2.0.1\Runtime\Agent.cs:798 
  at Unity.MLAgents.Agent.EndEpisode () [0x00001] in .\Library\PackageCache\com.unity.ml-agents@2.0.1\Runtime\Agent.cs:772 
  at dynamicTable076.triggerReset () [0x000f6] in C:\Users\orhun\OneDrive\Belgeler\GitHub\Dynamic-Table\Assets\Scripts\v076\dynamicTable.cs:201 
UnityEngine.GameObject:SendMessage(GameObject, String, Object, SendMessageOptions)
UnityEngine.GameObject:SendMessage(String) (at C:\build\output\unity\unity\Runtime\Export\Scripting\GameObject.bindings.cs:366)
productCollision076:OnTriggerEnter(Collider) (at C:\Users\orhun\OneDrive\Belgeler\GitHub\Dynamic-Table\Assets\Scripts\v076\productCollision.cs:23)

(Filename: C:/Users/orhun/OneDrive/Belgeler/GitHub/Dynamic-Table/Assets/Scripts/v076/productCollision.cs Line: 23)

ArgumentOutOfRangeException: Index was out of range. Must be non-negative and less than the size of the collection.
Parameter name: index
  at System.Collections.Generic.List`1[T].get_Item (System.Int32 index) [0x00009] in <dc753a1061284f8e971ee88ee4826eee>:0 
  at CreateBoard076.SetMaze (System.Single diff) [0x00055] in C:\Users\orhun\OneDrive\Belgeler\GitHub\Dynamic-Table\Assets\Scripts\v076\CreateBoard.cs:355 
  at dynamicTable076.triggerReset () [0x0008e] in C:\Users\orhun\OneDrive\Belgeler\GitHub\Dynamic-Table\Assets\Scripts\v076\dynamicTable.cs:194 
UnityEngine.GameObject:SendMessage(GameObject, String, Object, SendMessageOptions)
UnityEngine.GameObject:SendMessage(String) (at C:\build\output\unity\unity\Runtime\Export\Scripting\GameObject.bindings.cs:366)
productCollision076:OnTriggerEnter(Collider) (at C:\Users\orhun\OneDrive\Belgeler\GitHub\Dynamic-Table\Assets\Scripts\v076\productCollision.cs:23)

(Filename: C:/Users/orhun/OneDrive/Belgeler/GitHub/Dynamic-Table/Assets/Scripts/v076/productCollision.cs Line: 23)

ArgumentOutOfRangeException: Index was out of range. Must be non-negative and less than the size of the collection.
Parameter name: index
  at System.Collections.Generic.List`1[T].get_Item (System.Int32 index) [0x00009] in <dc753a1061284f8e971ee88ee4826eee>:0 
  at CreateBoard076.SetMaze (System.Single diff) [0x00055] in C:\Users\orhun\OneDrive\Belgeler\GitHub\Dynamic-Table\Assets\Scripts\v076\CreateBoard.cs:355 
  at dynamicTable076.OnEpisodeBegin () [0x00167] in C:\Users\orhun\OneDrive\Belgeler\GitHub\Dynamic-Table\Assets\Scripts\v076\dynamicTable.cs:177 
  at Unity.MLAgents.Agent._AgentReset () [0x0001c] in .\Library\PackageCache\com.unity.ml-agents@2.0.1\Runtime\Agent.cs:1299 
  at Unity.MLAgents.Agent.EndEpisodeAndReset (Unity.MLAgents.Agent+DoneReason reason) [0x00009] in .\Library\PackageCache\com.unity.ml-agents@2.0.1\Runtime\Agent.cs:798 
  at Unity.MLAgents.Agent.EndEpisode () [0x00001] in .\Library\PackageCache\com.unity.ml-agents@2.0.1\Runtime\Agent.cs:772 
  at dynamicTable076.triggerReset () [0x000f6] in C:\Users\orhun\OneDrive\Belgeler\GitHub\Dynamic-Table\Assets\Scripts\v076\dynamicTable.cs:201 
UnityEngine.GameObject:SendMessage(GameObject, String, Object, SendMessageOptions)
UnityEngine.GameObject:SendMessage(String) (at C:\build\output\unity\unity\Runtime\Export\Scripting\GameObject.bindings.cs:366)
productCollision076:OnTriggerEnter(Collider) (at C:\Users\orhun\OneDrive\Belgeler\GitHub\Dynamic-Table\Assets\Scripts\v076\productCollision.cs:23)

(Filename: C:/Users/orhun/OneDrive/Belgeler/GitHub/Dynamic-Table/Assets/Scripts/v076/productCollision.cs Line: 23)

ArgumentOutOfRangeException: Index was out of range. Must be non-negative and less than the size of the collection.
Parameter name: index
  at System.Collections.Generic.List`1[T].get_Item (System.Int32 index) [0x00009] in <dc753a1061284f8e971ee88ee4826eee>:0 
  at CreateBoard076.SetMaze (System.Single diff) [0x00055] in C:\Users\orhun\OneDrive\Belgeler\GitHub\Dynamic-Table\Assets\Scripts\v076\CreateBoard.cs:355 
  at dynamicTable076.OnEpisodeBegin () [0x00167] in C:\Users\orhun\OneDrive\Belgeler\GitHub\Dynamic-Table\Assets\Scripts\v076\dynamicTable.cs:177 
  at Unity.MLAgents.Agent._AgentReset () [0x0001c] in .\Library\PackageCache\com.unity.ml-agents@2.0.1\Runtime\Agent.cs:1299 
  at Unity.MLAgents.Agent.EndEpisodeAndReset (Unity.MLAgents.Agent+DoneReason reason) [0x00009] in .\Library\PackageCache\com.unity.ml-agents@2.0.1\Runtime\Agent.cs:798 
  at Unity.MLAgents.Agent.EndEpisode () [0x00001] in .\Library\PackageCache\com.unity.ml-agents@2.0.1\Runtime\Agent.cs:772 
  at dynamicTable076.triggerReset () [0x000f6] in C:\Users\orhun\OneDrive\Belgeler\GitHub\Dynamic-Table\Assets\Scripts\v076\dynamicTable.cs:201 
UnityEngine.GameObject:SendMessage(GameObject, String, Object, SendMessageOptions)
UnityEngine.GameObject:SendMessage(String) (at C:\build\output\unity\unity\Runtime\Export\Scripting\GameObject.bindings.cs:366)
productCollision076:OnTriggerEnter(Collider) (at C:\Users\orhun\OneDrive\Belgeler\GitHub\Dynamic-Table\Assets\Scripts\v076\productCollision.cs:23)

(Filename: C:/Users/orhun/OneDrive/Belgeler/GitHub/Dynamic-Table/Assets/Scripts/v076/productCollision.cs Line: 23)

ArgumentOutOfRangeException: Index was out of range. Must be non-negative and less than the size of the collection.
Parameter name: index
  at System.Collections.Generic.List`1[T].get_Item (System.Int32 index) [0x00009] in <dc753a1061284f8e971ee88ee4826eee>:0 
  at CreateBoard076.SetMaze (System.Single diff) [0x00055] in C:\Users\orhun\OneDrive\Belgeler\GitHub\Dynamic-Table\Assets\Scripts\v076\CreateBoard.cs:355 
  at dynamicTable076.OnEpisodeBegin () [0x00167] in C:\Users\orhun\OneDrive\Belgeler\GitHub\Dynamic-Table\Assets\Scripts\v076\dynamicTable.cs:177 
  at Unity.MLAgents.Agent._AgentReset () [0x0001c] in .\Library\PackageCache\com.unity.ml-agents@2.0.1\Runtime\Agent.cs:1299 
  at Unity.MLAgents.Agent.AgentStep () [0x00055] in .\Library\PackageCache\com.unity.ml-agents@2.0.1\Runtime\Agent.cs:1350 
  at (wrapper delegate-invoke) <Module>.invoke_void()
  at Unity.MLAgents.Academy.EnvironmentStep () [0x000f5] in .\Library\PackageCache\com.unity.ml-agents@2.0.1\Runtime\Academy.cs:589 
  at Unity.MLAgents.AcademyFixedUpdateStepper.FixedUpdate () [0x0002e] in .\Library\PackageCache\com.unity.ml-agents@2.0.1\Runtime\Academy.cs:43 

(Filename: C:/Users/orhun/OneDrive/Belgeler/GitHub/Dynamic-Table/Assets/Scripts/v076/CreateBoard.cs Line: 355)

ArgumentOutOfRangeException: Index was out of range. Must be non-negative and less than the size of the collection.
Parameter name: index
  at System.Collections.Generic.List`1[T].get_Item (System.Int32 index) [0x00009] in <dc753a1061284f8e971ee88ee4826eee>:0 
  at CreateBoard076.SetMaze (System.Single diff) [0x00055] in C:\Users\orhun\OneDrive\Belgeler\GitHub\Dynamic-Table\Assets\Scripts\v076\CreateBoard.cs:355 
  at dynamicTable076.OnEpisodeBegin () [0x00167] in C:\Users\orhun\OneDrive\Belgeler\GitHub\Dynamic-Table\Assets\Scripts\v076\dynamicTable.cs:177 
  at Unity.MLAgents.Agent._AgentReset () [0x0001c] in .\Library\PackageCache\com.unity.ml-agents@2.0.1\Runtime\Agent.cs:1299 
  at Unity.MLAgents.Agent.EndEpisodeAndReset (Unity.MLAgents.Agent+DoneReason reason) [0x00009] in .\Library\PackageCache\com.unity.ml-agents@2.0.1\Runtime\Agent.cs:798 
  at Unity.MLAgents.Agent.EndEpisode () [0x00001] in .\Library\PackageCache\com.unity.ml-agents@2.0.1\Runtime\Agent.cs:772 
  at dynamicTable076.winReset () [0x000ae] in C:\Users\orhun\OneDrive\Belgeler\GitHub\Dynamic-Table\Assets\Scripts\v076\dynamicTable.cs:211 
UnityEngine.GameObject:SendMessage(GameObject, String, Object, SendMessageOptions)
UnityEngine.GameObject:SendMessage(String) (at C:\build\output\unity\unity\Runtime\Export\Scripting\GameObject.bindings.cs:366)
productCollision076:OnTriggerEnter(Collider) (at C:\Users\orhun\OneDrive\Belgeler\GitHub\Dynamic-Table\Assets\Scripts\v076\productCollision.cs:18)

(Filename: C:/Users/orhun/OneDrive/Belgeler/GitHub/Dynamic-Table/Assets/Scripts/v076/productCollision.cs Line: 18)

ArgumentOutOfRangeException: Index was out of range. Must be non-negative and less than the size of the collection.
Parameter name: index
  at System.Collections.Generic.List`1[T].get_Item (System.Int32 index) [0x00009] in <dc753a1061284f8e971ee88ee4826eee>:0 
  at CreateBoard076.SetMaze (System.Single diff) [0x00055] in C:\Users\orhun\OneDrive\Belgeler\GitHub\Dynamic-Table\Assets\Scripts\v076\CreateBoard.cs:355 
  at dynamicTable076.OnEpisodeBegin () [0x00167] in C:\Users\orhun\OneDrive\Belgeler\GitHub\Dynamic-Table\Assets\Scripts\v076\dynamicTable.cs:177 
  at Unity.MLAgents.Agent._AgentReset () [0x0001c] in .\Library\PackageCache\com.unity.ml-agents@2.0.1\Runtime\Agent.cs:1299 
  at Unity.MLAgents.Agent.EndEpisodeAndReset (Unity.MLAgents.Agent+DoneReason reason) [0x00009] in .\Library\PackageCache\com.unity.ml-agents@2.0.1\Runtime\Agent.cs:798 
  at Unity.MLAgents.Agent.EndEpisode () [0x00001] in .\Library\PackageCache\com.unity.ml-agents@2.0.1\Runtime\Agent.cs:772 
  at dynamicTable076.winReset () [0x000ae] in C:\Users\orhun\OneDrive\Belgeler\GitHub\Dynamic-Table\Assets\Scripts\v076\dynamicTable.cs:211 
UnityEngine.GameObject:SendMessage(GameObject, String, Object, SendMessageOptions)
UnityEngine.GameObject:SendMessage(String) (at C:\build\output\unity\unity\Runtime\Export\Scripting\GameObject.bindings.cs:366)
productCollision076:OnTriggerEnter(Collider) (at C:\Users\orhun\OneDrive\Belgeler\GitHub\Dynamic-Table\Assets\Scripts\v076\productCollision.cs:18)

(Filename: C:/Users/orhun/OneDrive/Belgeler/GitHub/Dynamic-Table/Assets/Scripts/v076/productCollision.cs Line: 18)

ArgumentOutOfRangeException: Index was out of range. Must be non-negative and less than the size of the collection.
Parameter name: index
  at System.Collections.Generic.List`1[T].get_Item (System.Int32 index) [0x00009] in <dc753a1061284f8e971ee88ee4826eee>:0 
  at CreateBoard076.SetMaze (System.Single diff) [0x00055] in C:\Users\orhun\OneDrive\Belgeler\GitHub\Dynamic-Table\Assets\Scripts\v076\CreateBoard.cs:355 
  at dynamicTable076.OnEpisodeBegin () [0x00167] in C:\Users\orhun\OneDrive\Belgeler\GitHub\Dynamic-Table\Assets\Scripts\v076\dynamicTable.cs:177 
  at Unity.MLAgents.Agent._AgentReset () [0x0001c] in .\Library\PackageCache\com.unity.ml-agents@2.0.1\Runtime\Agent.cs:1299 
  at Unity.MLAgents.Agent.EndEpisodeAndReset (Unity.MLAgents.Agent+DoneReason reason) [0x00009] in .\Library\PackageCache\com.unity.ml-agents@2.0.1\Runtime\Agent.cs:798 
  at Unity.MLAgents.Agent.EndEpisode () [0x00001] in .\Library\PackageCache\com.unity.ml-agents@2.0.1\Runtime\Agent.cs:772 
  at dynamicTable076.winReset () [0x000ae] in C:\Users\orhun\OneDrive\Belgeler\GitHub\Dynamic-Table\Assets\Scripts\v076\dynamicTable.cs:211 
UnityEngine.GameObject:SendMessage(GameObject, String, Object, SendMessageOptions)
UnityEngine.GameObject:SendMessage(String) (at C:\build\output\unity\unity\Runtime\Export\Scripting\GameObject.bindings.cs:366)
productCollision076:OnTriggerEnter(Collider) (at C:\Users\orhun\OneDrive\Belgeler\GitHub\Dynamic-Table\Assets\Scripts\v076\productCollision.cs:18)

(Filename: C:/Users/orhun/OneDrive/Belgeler/GitHub/Dynamic-Table/Assets/Scripts/v076/productCollision.cs Line: 18)

ArgumentOutOfRangeException: Index was out of range. Must be non-negative and less than the size of the collection.
Parameter name: index
  at System.Collections.Generic.List`1[T].get_Item (System.Int32 index) [0x00009] in <dc753a1061284f8e971ee88ee4826eee>:0 
  at CreateBoard076.SetMaze (System.Single diff) [0x00055] in C:\Users\orhun\OneDrive\Belgeler\GitHub\Dynamic-Table\Assets\Scripts\v076\CreateBoard.cs:355 
  at dynamicTable076.OnEpisodeBegin () [0x00167] in C:\Users\orhun\OneDrive\Belgeler\GitHub\Dynamic-Table\Assets\Scripts\v076\dynamicTable.cs:177 
  at Unity.MLAgents.Agent._AgentReset () [0x0001c] in .\Library\PackageCache\com.unity.ml-agents@2.0.1\Runtime\Agent.cs:1299 
  at Unity.MLAgents.Agent.EndEpisodeAndReset (Unity.MLAgents.Agent+DoneReason reason) [0x00009] in .\Library\PackageCache\com.unity.ml-agents@2.0.1\Runtime\Agent.cs:798 
  at Unity.MLAgents.Agent.EndEpisode () [0x00001] in .\Library\PackageCache\com.unity.ml-agents@2.0.1\Runtime\Agent.cs:772 
  at dynamicTable076.winReset () [0x000ae] in C:\Users\orhun\OneDrive\Belgeler\GitHub\Dynamic-Table\Assets\Scripts\v076\dynamicTable.cs:211 
UnityEngine.GameObject:SendMessage(GameObject, String, Object, SendMessageOptions)
UnityEngine.GameObject:SendMessage(String) (at C:\build\output\unity\unity\Runtime\Export\Scripting\GameObject.bindings.cs:366)
productCollision076:OnTriggerEnter(Collider) (at C:\Users\orhun\OneDrive\Belgeler\GitHub\Dynamic-Table\Assets\Scripts\v076\productCollision.cs:18)

(Filename: C:/Users/orhun/OneDrive/Belgeler/GitHub/Dynamic-Table/Assets/Scripts/v076/productCollision.cs Line: 18)

ArgumentOutOfRangeException: Index was out of range. Must be non-negative and less than the size of the collection.
Parameter name: index
  at System.Collections.Generic.List`1[T].get_Item (System.Int32 index) [0x00009] in <dc753a1061284f8e971ee88ee4826eee>:0 
  at CreateBoard076.SetMaze (System.Single diff) [0x00055] in C:\Users\orhun\OneDrive\Belgeler\GitHub\Dynamic-Table\Assets\Scripts\v076\CreateBoard.cs:355 
  at dynamicTable076.triggerReset () [0x0008e] in C:\Users\orhun\OneDrive\Belgeler\GitHub\Dynamic-Table\Assets\Scripts\v076\dynamicTable.cs:194 
UnityEngine.GameObject:SendMessage(GameObject, String, Object, SendMessageOptions)
UnityEngine.GameObject:SendMessage(String) (at C:\build\output\unity\unity\Runtime\Export\Scripting\GameObject.bindings.cs:366)
productCollision076:OnTriggerEnter(Collider) (at C:\Users\orhun\OneDrive\Belgeler\GitHub\Dynamic-Table\Assets\Scripts\v076\productCollision.cs:23)

(Filename: C:/Users/orhun/OneDrive/Belgeler/GitHub/Dynamic-Table/Assets/Scripts/v076/productCollision.cs Line: 23)

ArgumentOutOfRangeException: Index was out of range. Must be non-negative and less than the size of the collection.
Parameter name: index
  at System.Collections.Generic.List`1[T].get_Item (System.Int32 index) [0x00009] in <dc753a1061284f8e971ee88ee4826eee>:0 
  at CreateBoard076.SetMaze (System.Single diff) [0x00055] in C:\Users\orhun\OneDrive\Belgeler\GitHub\Dynamic-Table\Assets\Scripts\v076\CreateBoard.cs:355 
  at dynamicTable076.OnEpisodeBegin () [0x00167] in C:\Users\orhun\OneDrive\Belgeler\GitHub\Dynamic-Table\Assets\Scripts\v076\dynamicTable.cs:177 
  at Unity.MLAgents.Agent._AgentReset () [0x0001c] in .\Library\PackageCache\com.unity.ml-agents@2.0.1\Runtime\Agent.cs:1299 
  at Unity.MLAgents.Agent.EndEpisodeAndReset (Unity.MLAgents.Agent+DoneReason reason) [0x00009] in .\Library\PackageCache\com.unity.ml-agents@2.0.1\Runtime\Agent.cs:798 
  at Unity.MLAgents.Agent.EndEpisode () [0x00001] in .\Library\PackageCache\com.unity.ml-agents@2.0.1\Runtime\Agent.cs:772 
  at dynamicTable076.triggerReset () [0x000f6] in C:\Users\orhun\OneDrive\Belgeler\GitHub\Dynamic-Table\Assets\Scripts\v076\dynamicTable.cs:201 
UnityEngine.GameObject:SendMessage(GameObject, String, Object, SendMessageOptions)
UnityEngine.GameObject:SendMessage(String) (at C:\build\output\unity\unity\Runtime\Export\Scripting\GameObject.bindings.cs:366)
productCollision076:OnTriggerEnter(Collider) (at C:\Users\orhun\OneDrive\Belgeler\GitHub\Dynamic-Table\Assets\Scripts\v076\productCollision.cs:23)

(Filename: C:/Users/orhun/OneDrive/Belgeler/GitHub/Dynamic-Table/Assets/Scripts/v076/productCollision.cs Line: 23)

ArgumentOutOfRangeException: Index was out of range. Must be non-negative and less than the size of the collection.
Parameter name: index
  at System.Collections.Generic.List`1[T].get_Item (System.Int32 index) [0x00009] in <dc753a1061284f8e971ee88ee4826eee>:0 
  at CreateBoard076.SetMaze (System.Single diff) [0x00055] in C:\Users\orhun\OneDrive\Belgeler\GitHub\Dynamic-Table\Assets\Scripts\v076\CreateBoard.cs:355 
  at dynamicTable076.OnEpisodeBegin () [0x00167] in C:\Users\orhun\OneDrive\Belgeler\GitHub\Dynamic-Table\Assets\Scripts\v076\dynamicTable.cs:177 
  at Unity.MLAgents.Agent._AgentReset () [0x0001c] in .\Library\PackageCache\com.unity.ml-agents@2.0.1\Runtime\Agent.cs:1299 
  at Unity.MLAgents.Agent.EndEpisodeAndReset (Unity.MLAgents.Agent+DoneReason reason) [0x00009] in .\Library\PackageCache\com.unity.ml-agents@2.0.1\Runtime\Agent.cs:798 
  at Unity.MLAgents.Agent.EndEpisode () [0x00001] in .\Library\PackageCache\com.unity.ml-agents@2.0.1\Runtime\Agent.cs:772 
  at dynamicTable076.triggerReset () [0x000f6] in C:\Users\orhun\OneDrive\Belgeler\GitHub\Dynamic-Table\Assets\Scripts\v076\dynamicTable.cs:201 
UnityEngine.GameObject:SendMessage(GameObject, String, Object, SendMessageOptions)
UnityEngine.GameObject:SendMessage(String) (at C:\build\output\unity\unity\Runtime\Export\Scripting\GameObject.bindings.cs:366)
productCollision076:OnTriggerEnter(Collider) (at C:\Users\orhun\OneDrive\Belgeler\GitHub\Dynamic-Table\Assets\Scripts\v076\productCollision.cs:23)

(Filename: C:/Users/orhun/OneDrive/Belgeler/GitHub/Dynamic-Table/Assets/Scripts/v076/productCollision.cs Line: 23)

ArgumentOutOfRangeException: Index was out of range. Must be non-negative and less than the size of the collection.
Parameter name: index
  at System.Collections.Generic.List`1[T].get_Item (System.Int32 index) [0x00009] in <dc753a1061284f8e971ee88ee4826eee>:0 
  at CreateBoard076.SetMaze (System.Single diff) [0x00055] in C:\Users\orhun\OneDrive\Belgeler\GitHub\Dynamic-Table\Assets\Scripts\v076\CreateBoard.cs:355 
  at dynamicTable076.OnEpisodeBegin () [0x00167] in C:\Users\orhun\OneDrive\Belgeler\GitHub\Dynamic-Table\Assets\Scripts\v076\dynamicTable.cs:177 
  at Unity.MLAgents.Agent._AgentReset () [0x0001c] in .\Library\PackageCache\com.unity.ml-agents@2.0.1\Runtime\Agent.cs:1299 
  at Unity.MLAgents.Agent.AgentStep () [0x00055] in .\Library\PackageCache\com.unity.ml-agents@2.0.1\Runtime\Agent.cs:1350 
  at (wrapper delegate-invoke) <Module>.invoke_void()
  at Unity.MLAgents.Academy.EnvironmentStep () [0x000f5] in .\Library\PackageCache\com.unity.ml-agents@2.0.1\Runtime\Academy.cs:589 
  at Unity.MLAgents.AcademyFixedUpdateStepper.FixedUpdate () [0x0002e] in .\Library\PackageCache\com.unity.ml-agents@2.0.1\Runtime\Academy.cs:43 

(Filename: C:/Users/orhun/OneDrive/Belgeler/GitHub/Dynamic-Table/Assets/Scripts/v076/CreateBoard.cs Line: 355)

ArgumentOutOfRangeException: Index was out of range. Must be non-negative and less than the size of the collection.
Parameter name: index
  at System.Collections.Generic.List`1[T].get_Item (System.Int32 index) [0x00009] in <dc753a1061284f8e971ee88ee4826eee>:0 
  at CreateBoard076.SetMaze (System.Single diff) [0x00055] in C:\Users\orhun\OneDrive\Belgeler\GitHub\Dynamic-Table\Assets\Scripts\v076\CreateBoard.cs:355 
  at dynamicTable076.OnEpisodeBegin () [0x00167] in C:\Users\orhun\OneDrive\Belgeler\GitHub\Dynamic-Table\Assets\Scripts\v076\dynamicTable.cs:177 
  at Unity.MLAgents.Agent._AgentReset () [0x0001c] in .\Library\PackageCache\com.unity.ml-agents@2.0.1\Runtime\Agent.cs:1299 
  at Unity.MLAgents.Agent.EndEpisodeAndReset (Unity.MLAgents.Agent+DoneReason reason) [0x00009] in .\Library\PackageCache\com.unity.ml-agents@2.0.1\Runtime\Agent.cs:798 
  at Unity.MLAgents.Agent.EndEpisode () [0x00001] in .\Library\PackageCache\com.unity.ml-agents@2.0.1\Runtime\Agent.cs:772 
  at dynamicTable076.winReset () [0x000ae] in C:\Users\orhun\OneDrive\Belgeler\GitHub\Dynamic-Table\Assets\Scripts\v076\dynamicTable.cs:211 
UnityEngine.GameObject:SendMessage(GameObject, String, Object, SendMessageOptions)
UnityEngine.GameObject:SendMessage(String) (at C:\build\output\unity\unity\Runtime\Export\Scripting\GameObject.bindings.cs:366)
productCollision076:OnTriggerEnter(Collider) (at C:\Users\orhun\OneDrive\Belgeler\GitHub\Dynamic-Table\Assets\Scripts\v076\productCollision.cs:18)

(Filename: C:/Users/orhun/OneDrive/Belgeler/GitHub/Dynamic-Table/Assets/Scripts/v076/productCollision.cs Line: 18)

ArgumentOutOfRangeException: Index was out of range. Must be non-negative and less than the size of the collection.
Parameter name: index
  at System.Collections.Generic.List`1[T].get_Item (System.Int32 index) [0x00009] in <dc753a1061284f8e971ee88ee4826eee>:0 
  at CreateBoard076.SetMaze (System.Single diff) [0x00055] in C:\Users\orhun\OneDrive\Belgeler\GitHub\Dynamic-Table\Assets\Scripts\v076\CreateBoard.cs:355 
  at dynamicTable076.OnEpisodeBegin () [0x00167] in C:\Users\orhun\OneDrive\Belgeler\GitHub\Dynamic-Table\Assets\Scripts\v076\dynamicTable.cs:177 
  at Unity.MLAgents.Agent._AgentReset () [0x0001c] in .\Library\PackageCache\com.unity.ml-agents@2.0.1\Runtime\Agent.cs:1299 
  at Unity.MLAgents.Agent.EndEpisodeAndReset (Unity.MLAgents.Agent+DoneReason reason) [0x00009] in .\Library\PackageCache\com.unity.ml-agents@2.0.1\Runtime\Agent.cs:798 
  at Unity.MLAgents.Agent.EndEpisode () [0x00001] in .\Library\PackageCache\com.unity.ml-agents@2.0.1\Runtime\Agent.cs:772 
  at dynamicTable076.winReset () [0x000ae] in C:\Users\orhun\OneDrive\Belgeler\GitHub\Dynamic-Table\Assets\Scripts\v076\dynamicTable.cs:211 
UnityEngine.GameObject:SendMessage(GameObject, String, Object, SendMessageOptions)
UnityEngine.GameObject:SendMessage(String) (at C:\build\output\unity\unity\Runtime\Export\Scripting\GameObject.bindings.cs:366)
productCollision076:OnTriggerEnter(Collider) (at C:\Users\orhun\OneDrive\Belgeler\GitHub\Dynamic-Table\Assets\Scripts\v076\productCollision.cs:18)

(Filename: C:/Users/orhun/OneDrive/Belgeler/GitHub/Dynamic-Table/Assets/Scripts/v076/productCollision.cs Line: 18)

ArgumentOutOfRangeException: Index was out of range. Must be non-negative and less than the size of the collection.
Parameter name: index
  at System.Collections.Generic.List`1[T].get_Item (System.Int32 index) [0x00009] in <dc753a1061284f8e971ee88ee4826eee>:0 
  at CreateBoard076.SetMaze (System.Single diff) [0x00055] in C:\Users\orhun\OneDrive\Belgeler\GitHub\Dynamic-Table\Assets\Scripts\v076\CreateBoard.cs:355 
  at dynamicTable076.OnEpisodeBegin () [0x00167] in C:\Users\orhun\OneDrive\Belgeler\GitHub\Dynamic-Table\Assets\Scripts\v076\dynamicTable.cs:177 
  at Unity.MLAgents.Agent._AgentReset () [0x0001c] in .\Library\PackageCache\com.unity.ml-agents@2.0.1\Runtime\Agent.cs:1299 
  at Unity.MLAgents.Agent.EndEpisodeAndReset (Unity.MLAgents.Agent+DoneReason reason) [0x00009] in .\Library\PackageCache\com.unity.ml-agents@2.0.1\Runtime\Agent.cs:798 
  at Unity.MLAgents.Agent.EndEpisode () [0x00001] in .\Library\PackageCache\com.unity.ml-agents@2.0.1\Runtime\Agent.cs:772 
  at dynamicTable076.winReset () [0x000ae] in C:\Users\orhun\OneDrive\Belgeler\GitHub\Dynamic-Table\Assets\Scripts\v076\dynamicTable.cs:211 
UnityEngine.GameObject:SendMessage(GameObject, String, Object, SendMessageOptions)
UnityEngine.GameObject:SendMessage(String) (at C:\build\output\unity\unity\Runtime\Export\Scripting\GameObject.bindings.cs:366)
productCollision076:OnTriggerEnter(Collider) (at C:\Users\orhun\OneDrive\Belgeler\GitHub\Dynamic-Table\Assets\Scripts\v076\productCollision.cs:18)

(Filename: C:/Users/orhun/OneDrive/Belgeler/GitHub/Dynamic-Table/Assets/Scripts/v076/productCollision.cs Line: 18)

ArgumentOutOfRangeException: Index was out of range. Must be non-negative and less than the size of the collection.
Parameter name: index
  at System.Collections.Generic.List`1[T].get_Item (System.Int32 index) [0x00009] in <dc753a1061284f8e971ee88ee4826eee>:0 
  at CreateBoard076.SetMaze (System.Single diff) [0x00055] in C:\Users\orhun\OneDrive\Belgeler\GitHub\Dynamic-Table\Assets\Scripts\v076\CreateBoard.cs:355 
  at dynamicTable076.OnEpisodeBegin () [0x00167] in C:\Users\orhun\OneDrive\Belgeler\GitHub\Dynamic-Table\Assets\Scripts\v076\dynamicTable.cs:177 
  at Unity.MLAgents.Agent._AgentReset () [0x0001c] in .\Library\PackageCache\com.unity.ml-agents@2.0.1\Runtime\Agent.cs:1299 
  at Unity.MLAgents.Agent.EndEpisodeAndReset (Unity.MLAgents.Agent+DoneReason reason) [0x00009] in .\Library\PackageCache\com.unity.ml-agents@2.0.1\Runtime\Agent.cs:798 
  at Unity.MLAgents.Agent.EndEpisode () [0x00001] in .\Library\PackageCache\com.unity.ml-agents@2.0.1\Runtime\Agent.cs:772 
  at dynamicTable076.winReset () [0x000ae] in C:\Users\orhun\OneDrive\Belgeler\GitHub\Dynamic-Table\Assets\Scripts\v076\dynamicTable.cs:211 
UnityEngine.GameObject:SendMessage(GameObject, String, Object, SendMessageOptions)
UnityEngine.GameObject:SendMessage(String) (at C:\build\output\unity\unity\Runtime\Export\Scripting\GameObject.bindings.cs:366)
productCollision076:OnTriggerEnter(Collider) (at C:\Users\orhun\OneDrive\Belgeler\GitHub\Dynamic-Table\Assets\Scripts\v076\productCollision.cs:18)

(Filename: C:/Users/orhun/OneDrive/Belgeler/GitHub/Dynamic-Table/Assets/Scripts/v076/productCollision.cs Line: 18)

ArgumentOutOfRangeException: Index was out of range. Must be non-negative and less than the size of the collection.
Parameter name: index
  at System.Collections.Generic.List`1[T].get_Item (System.Int32 index) [0x00009] in <dc753a1061284f8e971ee88ee4826eee>:0 
  at CreateBoard076.SetMaze (System.Single diff) [0x00055] in C:\Users\orhun\OneDrive\Belgeler\GitHub\Dynamic-Table\Assets\Scripts\v076\CreateBoard.cs:355 
  at dynamicTable076.triggerReset () [0x0008e] in C:\Users\orhun\OneDrive\Belgeler\GitHub\Dynamic-Table\Assets\Scripts\v076\dynamicTable.cs:194 
UnityEngine.GameObject:SendMessage(GameObject, String, Object, SendMessageOptions)
UnityEngine.GameObject:SendMessage(String) (at C:\build\output\unity\unity\Runtime\Export\Scripting\GameObject.bindings.cs:366)
productCollision076:OnTriggerEnter(Collider) (at C:\Users\orhun\OneDrive\Belgeler\GitHub\Dynamic-Table\Assets\Scripts\v076\productCollision.cs:23)

(Filename: C:/Users/orhun/OneDrive/Belgeler/GitHub/Dynamic-Table/Assets/Scripts/v076/productCollision.cs Line: 23)

Setting up 4 worker threads for Enlighten.
PlayerConnection::CleanupMemory Statistics:
[ALLOC_TEMP_TLS] TLS Allocator
  StackAllocators : 
    [ALLOC_TEMP_MAIN]
      Peak usage frame count: [32.0 KB-64.0 KB]: 120589 frames, [2.0 MB-4.0 MB]: 1 frames
      Initial Block Size 4.0 MB
      Current Block Size 4.0 MB
      Peak Allocated Bytes 2.1 MB
      Overflow Count 0
    [ALLOC_TEMP_Background Job.worker 3]
      Initial Block Size 32.0 KB
      Current Block Size 32.0 KB
      Peak Allocated Bytes 54 B
      Overflow Count 0
    [ALLOC_TEMP_Background Job.worker 6]
      Initial Block Size 32.0 KB
      Current Block Size 32.0 KB
      Peak Allocated Bytes 54 B
      Overflow Count 0
    [ALLOC_TEMP_AUDIO_FMOD (WASAPI) feeder thread]
      Initial Block Size 64.0 KB
      Current Block Size 64.0 KB
      Peak Allocated Bytes 168 B
      Overflow Count 0
    [ALLOC_TEMP_Background Job.worker 2]
      Initial Block Size 32.0 KB
      Current Block Size 32.0 KB
      Peak Allocated Bytes 54 B
      Overflow Count 0
    [ALLOC_TEMP_AUDIO_FMOD mixer thread]
      Initial Block Size 64.0 KB
      Current Block Size 64.0 KB
      Peak Allocated Bytes 54 B
      Overflow Count 0
    [ALLOC_TEMP_Background Job.worker 8]
      Initial Block Size 32.0 KB
      Current Block Size 32.0 KB
      Peak Allocated Bytes 54 B
      Overflow Count 0
    [ALLOC_TEMP_Background Job.worker 15]
      Initial Block Size 32.0 KB
      Current Block Size 32.0 KB
      Peak Allocated Bytes 54 B
      Overflow Count 0
    [ALLOC_TEMP_Background Job.worker 0]
      Initial Block Size 32.0 KB
      Current Block Size 32.0 KB
      Peak Allocated Bytes 54 B
      Overflow Count 0
    [ALLOC_TEMP_Job.worker 6]
      Initial Block Size 256.0 KB
      Current Block Size 256.0 KB
      Peak Allocated Bytes 0 B
      Overflow Count 0
    [ALLOC_TEMP_BatchDeleteObjects]
      Initial Block Size 64.0 KB
      Current Block Size 64.0 KB
      Peak Allocated Bytes 54 B
      Overflow Count 0
    [ALLOC_TEMP_AUDIO_FMOD stream thread]
      Initial Block Size 64.0 KB
      Current Block Size 64.0 KB
      Peak Allocated Bytes 54 B
      Overflow Count 0
    [ALLOC_TEMP_Job.worker 4]
      Initial Block Size 256.0 KB
      Current Block Size 256.0 KB
      Peak Allocated Bytes 0 B
      Overflow Count 0
    [ALLOC_TEMP_Background Job.worker 1]
      Initial Block Size 32.0 KB
      Current Block Size 32.0 KB
      Peak Allocated Bytes 54 B
      Overflow Count 0
    [ALLOC_TEMP_Job.worker 1]
      Initial Block Size 256.0 KB
      Current Block Size 256.0 KB
      Peak Allocated Bytes 199 B
      Overflow Count 0
    [ALLOC_TEMP_Background Job.worker 5]
      Initial Block Size 32.0 KB
      Current Block Size 32.0 KB
      Peak Allocated Bytes 54 B
      Overflow Count 0
    [ALLOC_TEMP_Loading.PreloadManager]
      Initial Block Size 256.0 KB
      Current Block Size 256.0 KB
      Peak Allocated Bytes 38.5 KB
      Overflow Count 4
    [ALLOC_TEMP_Background Job.worker 4]
      Initial Block Size 32.0 KB
      Current Block Size 32.0 KB
      Peak Allocated Bytes 54 B
      Overflow Count 0
    [ALLOC_TEMP_Background Job.worker 7]
      Initial Block Size 32.0 KB
      Current Block Size 32.0 KB
      Peak Allocated Bytes 54 B
      Overflow Count 0
    [ALLOC_TEMP_Background Job.worker 11]
      Initial Block Size 32.0 KB
      Current Block Size 32.0 KB
      Peak Allocated Bytes 54 B
      Overflow Count 0
    [ALLOC_TEMP_Background Job.worker 10]
      Initial Block Size 32.0 KB
      Current Block Size 32.0 KB
      Peak Allocated Bytes 54 B
      Overflow Count 0
    [ALLOC_TEMP_Job.worker 5]
      Initial Block Size 256.0 KB
      Current Block Size 256.0 KB
      Peak Allocated Bytes 0 B
      Overflow Count 0
    [ALLOC_TEMP_Background Job.worker 12]
      Initial Block Size 32.0 KB
      Current Block Size 32.0 KB
      Peak Allocated Bytes 54 B
      Overflow Count 0
    [ALLOC_TEMP_Background Job.worker 13]
      Initial Block Size 32.0 KB
      Current Block Size 32.0 KB
      Peak Allocated Bytes 54 B
      Overflow Count 0
    [ALLOC_TEMP_AssetGarbageCollectorHelper] x 7
      Initial Block Size 64.0 KB
      Current Block Size 64.0 KB
      Peak Allocated Bytes 138 B
      Overflow Count 0
    [ALLOC_TEMP_Profiler.Dispatcher]
      Initial Block Size 64.0 KB
      Current Block Size 64.0 KB
      Peak Allocated Bytes 456 B
      Overflow Count 0
    [ALLOC_TEMP_Background Job.worker 14]
      Initial Block Size 32.0 KB
      Current Block Size 32.0 KB
      Peak Allocated Bytes 54 B
      Overflow Count 0
    [ALLOC_TEMP_Job.worker 0]
      Initial Block Size 256.0 KB
      Current Block Size 256.0 KB
      Peak Allocated Bytes 0 B
      Overflow Count 0
    [ALLOC_TEMP_Background Job.worker 9]
      Initial Block Size 32.0 KB
      Current Block Size 32.0 KB
      Peak Allocated Bytes 54 B
      Overflow Count 0
    [ALLOC_TEMP_EnlightenWorker] x 4
      Initial Block Size 64.0 KB
      Current Block Size 64.0 KB
      Peak Allocated Bytes 54 B
      Overflow Count 0
    [ALLOC_TEMP_Job.worker 3]
      Initial Block Size 256.0 KB
      Current Block Size 256.0 KB
      Peak Allocated Bytes 0 B
      Overflow Count 0
    [ALLOC_TEMP_Job.worker 2]
      Initial Block Size 256.0 KB
      Current Block Size 256.0 KB
      Peak Allocated Bytes 0 B
      Overflow Count 0
    [ALLOC_TEMP_Loading.AsyncRead]
      Initial Block Size 64.0 KB
      Current Block Size 64.0 KB
      Peak Allocated Bytes 387 B
      Overflow Count 0
[ALLOC_MEMORYPROFILER]
  Peak usage frame count: [0.5 MB-1.0 MB]: 120590 frames
  Requested Block Size 1.0 MB
  Peak Block count 1
  Peak Allocated memory 0.7 MB
  Peak Large allocation bytes 0 B
[ALLOC_DEFAULT] Dual Thread Allocator
  Peak main deferred allocation count 2601
    [ALLOC_BUCKET]
      Large Block size 4.0 MB
      Used Block count 1
      Peak Allocated bytes 1.3 MB
    [ALLOC_DEFAULT_MAIN]
      Peak usage frame count: [32.0 MB-64.0 MB]: 120590 frames
      Requested Block Size 16.0 MB
      Peak Block count 2
      Peak Allocated memory 38.9 MB
      Peak Large allocation bytes 16.0 MB
    [ALLOC_DEFAULT_THREAD]
      Peak usage frame count: [4.0 MB-8.0 MB]: 120590 frames
      Requested Block Size 16.0 MB
      Peak Block count 1
      Peak Allocated memory 5.6 MB
      Peak Large allocation bytes 0 B
[ALLOC_TEMP_JOB_1_FRAME]
  Initial Block Size 2.0 MB
  Used Block Count 0
  Overflow Count (too large) 0
  Overflow Count (full) 0
[ALLOC_TEMP_JOB_2_FRAMES]
  Initial Block Size 2.0 MB
  Used Block Count 0
  Overflow Count (too large) 0
  Overflow Count (full) 0
[ALLOC_TEMP_JOB_4_FRAMES (JobTemp)]
  Initial Block Size 2.0 MB
  Used Block Count 1
  Overflow Count (too large) 0
  Overflow Count (full) 0
[ALLOC_TEMP_JOB_ASYNC (Background)]
  Initial Block Size 1.0 MB
  Used Block Count 1
  Overflow Count (too large) 0
  Overflow Count (full) 0
[ALLOC_GFX] Dual Thread Allocator
  Peak main deferred allocation count 0
    [ALLOC_BUCKET]
      Large Block size 4.0 MB
      Used Block count 1
      Peak Allocated bytes 1.3 MB
    [ALLOC_GFX_MAIN]
      Peak usage frame count: [32.0 KB-64.0 KB]: 120589 frames, [64.0 KB-128.0 KB]: 1 frames
      Requested Block Size 16.0 MB
      Peak Block count 1
      Peak Allocated memory 67.4 KB
      Peak Large allocation bytes 0 B
    [ALLOC_GFX_THREAD]
      Peak usage frame count: [32.0 KB-64.0 KB]: 120590 frames
      Requested Block Size 16.0 MB
      Peak Block count 1
      Peak Allocated memory 35.8 KB
      Peak Large allocation bytes 0 B
[ALLOC_CACHEOBJECTS] Dual Thread Allocator
  Peak main deferred allocation count 2
    [ALLOC_BUCKET]
      Large Block size 4.0 MB
      Used Block count 1
      Peak Allocated bytes 1.3 MB
    [ALLOC_CACHEOBJECTS_MAIN]
      Peak usage frame count: [1.0 MB-2.0 MB]: 120590 frames
      Requested Block Size 4.0 MB
      Peak Block count 1
      Peak Allocated memory 1.3 MB
      Peak Large allocation bytes 0 B
    [ALLOC_CACHEOBJECTS_THREAD]
      Peak usage frame count: [128.0 KB-256.0 KB]: 120589 frames, [1.0 MB-2.0 MB]: 1 frames
      Requested Block Size 4.0 MB
      Peak Block count 1
      Peak Allocated memory 1.5 MB
      Peak Large allocation bytes 0 B
[ALLOC_TYPETREE] Dual Thread Allocator
  Peak main deferred allocation count 0
    [ALLOC_BUCKET]
      Large Block size 4.0 MB
      Used Block count 1
      Peak Allocated bytes 1.3 MB
    [ALLOC_TYPETREE_MAIN]
      Peak usage frame count: [4.0 KB-8.0 KB]: 120590 frames
      Requested Block Size 2.0 MB
      Peak Block count 1
      Peak Allocated memory 4.2 KB
      Peak Large allocation bytes 0 B
    [ALLOC_TYPETREE_THREAD]
      Peak usage frame count: [0-1.0 KB]: 120590 frames
      Requested Block Size 2.0 MB
      Peak Block count 0
      Peak Allocated memory 0 B
      Peak Large allocation bytes 0 B
[ALLOC_PROFILER]
  Peak usage frame count: [256.0 KB-0.5 MB]: 120589 frames, [32.0 MB-64.0 MB]: 1 frames
  Requested Block Size 16.0 MB
  Peak Block count 3
  Peak Allocated memory 33.3 MB
  Peak Large allocation bytes 0 B
    [ALLOC_PROFILER_BUCKET]
      Large Block size 4.0 MB
      Used Block count 1
      Peak Allocated bytes 65.8 KB
##utp:{"type":"MemoryLeaks","version":2,"phase":"Immediate","time":1712824580032,"processId":9472,"allocatedMemory":14312,"memoryLabels":[{"Default":-128},{"Manager":9000},{"Shader":736},{"GfxDevice":72},{"Serialization":52},{"String":164},{"HashMap":2304},{"PoolAlloc":112},{"VR":1776},{"Subsystems":96},{"CoreBusinessMetrics":128}]}
